[2023-01-02 14:57:55] 1     INFO   : New log file opened: /Users/tom/Go/src/github.com/tucats/ego/x.log
[2023-01-02 14:57:55] 2     BYTECODE: *** Disassembly WriteStatus
[2023-01-02 14:57:55] 3     BYTECODE:    0: ArgCheck        [1 1 Identifier(WriteStatus)]
[2023-01-02 14:57:55] 4     BYTECODE:    1: GetThis         "r"
[2023-01-02 14:57:55] 5     BYTECODE:    2: Load            "__args"
[2023-01-02 14:57:55] 6     BYTECODE:    3: LoadIndex       0
[2023-01-02 14:57:55] 7     BYTECODE:    4: RequiredType    T(*int)
[2023-01-02 14:57:55] 8     BYTECODE:    5: StoreAlways     "status"
[2023-01-02 14:57:55] 9     BYTECODE:    6: Import          "http"
[2023-01-02 14:57:55] 10    BYTECODE:    7: PushScope       
[2023-01-02 14:57:55] 11    BYTECODE:    8: | AtLine          108
[2023-01-02 14:57:55] 12    BYTECODE:    9: | ModeCheck       "server"
[2023-01-02 14:57:55] 13    BYTECODE:   10: | Load            "status"
[2023-01-02 14:57:55] 14    BYTECODE:   11: | StoreGlobal     "_rest_status"
[2023-01-02 14:57:55] 15    BYTECODE:   12: PopScope        2
[2023-01-02 14:57:55] 16    BYTECODE:   13: Return          
[2023-01-02 14:57:55] 17    BYTECODE: *** Disassembled 14 instructions
[2023-01-02 14:57:55] 18    BYTECODE: *** Disassembly Write
[2023-01-02 14:57:55] 19    BYTECODE:    0: ArgCheck        [1 1 Identifier(Write)]
[2023-01-02 14:57:55] 20    BYTECODE:    1: GetThis         "r"
[2023-01-02 14:57:55] 21    BYTECODE:    2: Load            "__args"
[2023-01-02 14:57:55] 22    BYTECODE:    3: LoadIndex       0
[2023-01-02 14:57:55] 23    BYTECODE:    4: RequiredType    T(*interface{})
[2023-01-02 14:57:55] 24    BYTECODE:    5: StoreAlways     "item"
[2023-01-02 14:57:55] 25    BYTECODE:    6: Import          "http"
[2023-01-02 14:57:55] 26    BYTECODE:    7: PushScope       
[2023-01-02 14:57:55] 27    BYTECODE:    8: | AtLine          111
[2023-01-02 14:57:55] 28    BYTECODE:    9: | ModeCheck       "server"
[2023-01-02 14:57:55] 29    BYTECODE:   10: | Load            "item"
[2023-01-02 14:57:55] 30    BYTECODE:   11: | Response        
[2023-01-02 14:57:55] 31    BYTECODE:   12: PopScope        2
[2023-01-02 14:57:55] 32    BYTECODE:   13: Return          
[2023-01-02 14:57:55] 33    BYTECODE: *** Disassembled 14 instructions
[2023-01-02 14:57:55] 34    BYTECODE: *** Disassembly WriteMessage
[2023-01-02 14:57:55] 35    BYTECODE:    0: ArgCheck        [1 1 Identifier(WriteMessage)]
[2023-01-02 14:57:55] 36    BYTECODE:    1: GetThis         "r"
[2023-01-02 14:57:55] 37    BYTECODE:    2: Load            "__args"
[2023-01-02 14:57:55] 38    BYTECODE:    3: LoadIndex       0
[2023-01-02 14:57:55] 39    BYTECODE:    4: RequiredType    T(*string)
[2023-01-02 14:57:55] 40    BYTECODE:    5: StoreAlways     "msg"
[2023-01-02 14:57:55] 41    BYTECODE:    6: Import          "http"
[2023-01-02 14:57:55] 42    BYTECODE:    7: PushScope       
[2023-01-02 14:57:55] 43    BYTECODE:    8: | AtLine          115
[2023-01-02 14:57:55] 44    BYTECODE:    9: | ModeCheck       "server"
[2023-01-02 14:57:55] 45    BYTECODE:   10: | Load            "_json"
[2023-01-02 14:57:55] 46    BYTECODE:   11: | BranchTrue      @19
[2023-01-02 14:57:55] 47    BYTECODE:   12: | AtLine          115
[2023-01-02 14:57:55] 48    BYTECODE:   13: | PushScope       
[2023-01-02 14:57:55] 49    BYTECODE:   14: | | AtLine          116
[2023-01-02 14:57:55] 50    BYTECODE:   15: | | ModeCheck       "server"
[2023-01-02 14:57:55] 51    BYTECODE:   16: | | Load            "msg"
[2023-01-02 14:57:55] 52    BYTECODE:   17: | | Response        
[2023-01-02 14:57:55] 53    BYTECODE:   18: | PopScope        
[2023-01-02 14:57:55] 54    BYTECODE:   19: | AtLine          118
[2023-01-02 14:57:55] 55    BYTECODE:   20: | ModeCheck       "server"
[2023-01-02 14:57:55] 56    BYTECODE:   21: | Load            "_json"
[2023-01-02 14:57:55] 57    BYTECODE:   22: | BranchFalse     @37
[2023-01-02 14:57:55] 58    BYTECODE:   23: | AtLine          118
[2023-01-02 14:57:55] 59    BYTECODE:   24: | PushScope       
[2023-01-02 14:57:55] 60    BYTECODE:   25: | | AtLine          119
[2023-01-02 14:57:55] 61    BYTECODE:   26: | | Push            M<let>
[2023-01-02 14:57:55] 62    BYTECODE:   27: | | Load            "msg"
[2023-01-02 14:57:55] 63    BYTECODE:   28: | | Push            "message"
[2023-01-02 14:57:55] 64    BYTECODE:   29: | | Struct          1
[2023-01-02 14:57:55] 65    BYTECODE:   30: | | CreateAndStore  "m"
[2023-01-02 14:57:55] 66    BYTECODE:   31: | | DropToMarker    M<let>
[2023-01-02 14:57:55] 67    BYTECODE:   32: | | AtLine          120
[2023-01-02 14:57:55] 68    BYTECODE:   33: | | ModeCheck       "server"
[2023-01-02 14:57:55] 69    BYTECODE:   34: | | Load            "m"
[2023-01-02 14:57:55] 70    BYTECODE:   35: | | Response        
[2023-01-02 14:57:55] 71    BYTECODE:   36: | PopScope        
[2023-01-02 14:57:55] 72    BYTECODE:   37: PopScope        
[2023-01-02 14:57:55] 73    BYTECODE:   38: PopScope        
[2023-01-02 14:57:55] 74    BYTECODE:   39: Return          
[2023-01-02 14:57:55] 75    BYTECODE: *** Disassembled 40 instructions
[2023-01-02 14:57:55] 76    BYTECODE: *** Disassembly WriteJSON
[2023-01-02 14:57:55] 77    BYTECODE:    0: ArgCheck        [1 1 Identifier(WriteJSON)]
[2023-01-02 14:57:55] 78    BYTECODE:    1: GetThis         "r"
[2023-01-02 14:57:55] 79    BYTECODE:    2: Load            "__args"
[2023-01-02 14:57:55] 80    BYTECODE:    3: LoadIndex       0
[2023-01-02 14:57:55] 81    BYTECODE:    4: RequiredType    T(*interface{})
[2023-01-02 14:57:55] 82    BYTECODE:    5: StoreAlways     "i"
[2023-01-02 14:57:55] 83    BYTECODE:    6: Import          "http"
[2023-01-02 14:57:55] 84    BYTECODE:    7: PushScope       
[2023-01-02 14:57:55] 85    BYTECODE:    8: | AtLine          125
[2023-01-02 14:57:55] 86    BYTECODE:    9: | Push            M<let>
[2023-01-02 14:57:55] 87    BYTECODE:   10: | Load            "json"
[2023-01-02 14:57:55] 88    BYTECODE:   11: | SetThis         
[2023-01-02 14:57:55] 89    BYTECODE:   12: | Member          "Marshal"
[2023-01-02 14:57:55] 90    BYTECODE:   13: | Load            "i"
[2023-01-02 14:57:55] 91    BYTECODE:   14: | Call            1
[2023-01-02 14:57:55] 92    BYTECODE:   15: | CreateAndStore  "msg"
[2023-01-02 14:57:55] 93    BYTECODE:   16: | DropToMarker    M<let>
[2023-01-02 14:57:55] 94    BYTECODE:   17: | AtLine          126
[2023-01-02 14:57:55] 95    BYTECODE:   18: | Push            M<call>
[2023-01-02 14:57:55] 96    BYTECODE:   19: | Load            "r"
[2023-01-02 14:57:55] 97    BYTECODE:   20: | SetThis         
[2023-01-02 14:57:55] 98    BYTECODE:   21: | Member          "Write"
[2023-01-02 14:57:55] 99    BYTECODE:   22: | Push            T(*string)
[2023-01-02 14:57:55] 100   BYTECODE:   23: | Load            "msg"
[2023-01-02 14:57:55] 101   BYTECODE:   24: | Call            1
[2023-01-02 14:57:55] 102   BYTECODE:   25: | Call            1
[2023-01-02 14:57:55] 103   BYTECODE:   26: | DropToMarker    M<call>
[2023-01-02 14:57:55] 104   BYTECODE:   27: PopScope        2
[2023-01-02 14:57:55] 105   BYTECODE:   28: Return          
[2023-01-02 14:57:55] 106   BYTECODE: *** Disassembled 29 instructions
[2023-01-02 14:57:55] 107   BYTECODE: *** Disassembly WriteTemplate
[2023-01-02 14:57:55] 108   BYTECODE:    0: ArgCheck        [2 2 Identifier(WriteTemplate)]
[2023-01-02 14:57:55] 109   BYTECODE:    1: GetThis         "r"
[2023-01-02 14:57:55] 110   BYTECODE:    2: Load            "__args"
[2023-01-02 14:57:55] 111   BYTECODE:    3: LoadIndex       0
[2023-01-02 14:57:55] 112   BYTECODE:    4: RequiredType    T(*string)
[2023-01-02 14:57:55] 113   BYTECODE:    5: StoreAlways     "fn"
[2023-01-02 14:57:55] 114   BYTECODE:    6: Load            "__args"
[2023-01-02 14:57:55] 115   BYTECODE:    7: LoadIndex       1
[2023-01-02 14:57:55] 116   BYTECODE:    8: RequiredType    T(*interface{})
[2023-01-02 14:57:55] 117   BYTECODE:    9: StoreAlways     "i"
[2023-01-02 14:57:55] 118   BYTECODE:   10: Import          "http"
[2023-01-02 14:57:55] 119   BYTECODE:   11: PushScope       
[2023-01-02 14:57:55] 120   BYTECODE:   12: | AtLine          130
[2023-01-02 14:57:55] 121   BYTECODE:   13: | Try             @64
[2023-01-02 14:57:55] 122   BYTECODE:   14: | PushScope       
[2023-01-02 14:57:55] 123   BYTECODE:   15: | | AtLine          132
[2023-01-02 14:57:55] 124   BYTECODE:   16: | | Push            M<let>
[2023-01-02 14:57:55] 125   BYTECODE:   17: | | Load            "filepath"
[2023-01-02 14:57:55] 126   BYTECODE:   18: | | SetThis         
[2023-01-02 14:57:55] 127   BYTECODE:   19: | | Member          "Join"
[2023-01-02 14:57:55] 128   BYTECODE:   20: | | Load            "profile"
[2023-01-02 14:57:55] 129   BYTECODE:   21: | | SetThis         
[2023-01-02 14:57:55] 130   BYTECODE:   22: | | Member          "Get"
[2023-01-02 14:57:55] 131   BYTECODE:   23: | | Push            "ego.runtime.path"
[2023-01-02 14:57:55] 132   BYTECODE:   24: | | Call            1
[2023-01-02 14:57:55] 133   BYTECODE:   25: | | Load            "fn"
[2023-01-02 14:57:55] 134   BYTECODE:   26: | | Call            2
[2023-01-02 14:57:55] 135   BYTECODE:   27: | | CreateAndStore  "fn"
[2023-01-02 14:57:55] 136   BYTECODE:   28: | | DropToMarker    M<let>
[2023-01-02 14:57:55] 137   BYTECODE:   29: | | AtLine          133
[2023-01-02 14:57:55] 138   BYTECODE:   30: | | Push            M<let>
[2023-01-02 14:57:55] 139   BYTECODE:   31: | | Load            "io"
[2023-01-02 14:57:55] 140   BYTECODE:   32: | | SetThis         
[2023-01-02 14:57:55] 141   BYTECODE:   33: | | Member          "ReadFile"
[2023-01-02 14:57:55] 142   BYTECODE:   34: | | Load            "fn"
[2023-01-02 14:57:55] 143   BYTECODE:   35: | | Call            1
[2023-01-02 14:57:55] 144   BYTECODE:   36: | | CreateAndStore  "b"
[2023-01-02 14:57:55] 145   BYTECODE:   37: | | DropToMarker    M<let>
[2023-01-02 14:57:55] 146   BYTECODE:   38: | | AtLine          134
[2023-01-02 14:57:55] 147   BYTECODE:   39: | | Push            T(*string)
[2023-01-02 14:57:55] 148   BYTECODE:   40: | | Load            "b"
[2023-01-02 14:57:55] 149   BYTECODE:   41: | | Call            1
[2023-01-02 14:57:55] 150   BYTECODE:   42: | | Template        "mempage"
[2023-01-02 14:57:55] 151   BYTECODE:   43: | | CreateAndStore  "mempage"
[2023-01-02 14:57:55] 152   BYTECODE:   44: | | AtLine          137
[2023-01-02 14:57:55] 153   BYTECODE:   45: | | Push            M<let>
[2023-01-02 14:57:55] 154   BYTECODE:   46: | | Load            "strings"
[2023-01-02 14:57:55] 155   BYTECODE:   47: | | SetThis         
[2023-01-02 14:57:55] 156   BYTECODE:   48: | | Member          "Template"
[2023-01-02 14:57:55] 157   BYTECODE:   49: | | Load            "mempage"
[2023-01-02 14:57:55] 158   BYTECODE:   50: | | Load            "pageData"
[2023-01-02 14:57:55] 159   BYTECODE:   51: | | Call            2
[2023-01-02 14:57:55] 160   BYTECODE:   52: | | CreateAndStore  "page"
[2023-01-02 14:57:55] 161   BYTECODE:   53: | | DropToMarker    M<let>
[2023-01-02 14:57:55] 162   BYTECODE:   54: | | AtLine          138
[2023-01-02 14:57:55] 163   BYTECODE:   55: | | Push            M<call>
[2023-01-02 14:57:55] 164   BYTECODE:   56: | | Load            "resp"
[2023-01-02 14:57:55] 165   BYTECODE:   57: | | SetThis         
[2023-01-02 14:57:55] 166   BYTECODE:   58: | | Member          "Write"
[2023-01-02 14:57:55] 167   BYTECODE:   59: | | Load            "page"
[2023-01-02 14:57:55] 168   BYTECODE:   60: | | Call            1
[2023-01-02 14:57:55] 169   BYTECODE:   61: | | DropToMarker    M<call>
[2023-01-02 14:57:55] 170   BYTECODE:   62: | PopScope        
[2023-01-02 14:57:55] 171   BYTECODE:   63: | Branch          @84
[2023-01-02 14:57:55] 172   BYTECODE:   64: | Load            "_error"
[2023-01-02 14:57:55] 173   BYTECODE:   65: | StoreAlways     "e"
[2023-01-02 14:57:55] 174   BYTECODE:   66: | PushScope       
[2023-01-02 14:57:55] 175   BYTECODE:   67: | | AtLine          140
[2023-01-02 14:57:55] 176   BYTECODE:   68: | | Push            M<call>
[2023-01-02 14:57:55] 177   BYTECODE:   69: | | Load            "resp"
[2023-01-02 14:57:55] 178   BYTECODE:   70: | | SetThis         
[2023-01-02 14:57:55] 179   BYTECODE:   71: | | Member          "Status"
[2023-01-02 14:57:55] 180   BYTECODE:   72: | | Push            500
[2023-01-02 14:57:55] 181   BYTECODE:   73: | | Call            1
[2023-01-02 14:57:55] 182   BYTECODE:   74: | | DropToMarker    M<call>
[2023-01-02 14:57:55] 183   BYTECODE:   75: | | AtLine          141
[2023-01-02 14:57:55] 184   BYTECODE:   76: | | Push            M<call>
[2023-01-02 14:57:55] 185   BYTECODE:   77: | | Load            "resp"
[2023-01-02 14:57:55] 186   BYTECODE:   78: | | SetThis         
[2023-01-02 14:57:55] 187   BYTECODE:   79: | | Member          "WriteMessage"
[2023-01-02 14:57:55] 188   BYTECODE:   80: | | Load            "e"
[2023-01-02 14:57:55] 189   BYTECODE:   81: | | Call            1
[2023-01-02 14:57:55] 190   BYTECODE:   82: | | DropToMarker    M<call>
[2023-01-02 14:57:55] 191   BYTECODE:   83: | PopScope        2
[2023-01-02 14:57:55] 192   BYTECODE:   84: | TryPop          
[2023-01-02 14:57:55] 193   BYTECODE:   85: PopScope        2
[2023-01-02 14:57:55] 194   BYTECODE:   86: Return          
[2023-01-02 14:57:55] 195   BYTECODE: *** Disassembled 87 instructions
[2023-01-02 14:57:55] 196   BYTECODE: *** Disassembly BadURL
[2023-01-02 14:57:55] 197   BYTECODE:    0: ArgCheck        [1 1 Identifier(BadURL)]
[2023-01-02 14:57:55] 198   BYTECODE:    1: Load            "__args"
[2023-01-02 14:57:55] 199   BYTECODE:    2: LoadIndex       0
[2023-01-02 14:57:55] 200   BYTECODE:    3: RequiredType    T(*string)
[2023-01-02 14:57:55] 201   BYTECODE:    4: StoreAlways     "url"
[2023-01-02 14:57:55] 202   BYTECODE:    5: Import          "http"
[2023-01-02 14:57:55] 203   BYTECODE:    6: PushScope       
[2023-01-02 14:57:55] 204   BYTECODE:    7: | AtLine          147
[2023-01-02 14:57:55] 205   BYTECODE:    8: | ModeCheck       "server"
[2023-01-02 14:57:55] 206   BYTECODE:    9: | Push            400
[2023-01-02 14:57:55] 207   BYTECODE:   10: | StoreGlobal     "_rest_status"
[2023-01-02 14:57:55] 208   BYTECODE:   11: | AtLine          148
[2023-01-02 14:57:55] 209   BYTECODE:   12: | ModeCheck       "server"
[2023-01-02 14:57:55] 210   BYTECODE:   13: | Push            "Unrecognized URI path "
[2023-01-02 14:57:55] 211   BYTECODE:   14: | Load            "url"
[2023-01-02 14:57:55] 212   BYTECODE:   15: | Add             
[2023-01-02 14:57:55] 213   BYTECODE:   16: | Response        
[2023-01-02 14:57:55] 214   BYTECODE:   17: PopScope        2
[2023-01-02 14:57:55] 215   BYTECODE:   18: Return          
[2023-01-02 14:57:55] 216   BYTECODE: *** Disassembled 19 instructions
[2023-01-02 14:57:55] 217   BYTECODE: *** Disassembly NewResponse
[2023-01-02 14:57:55] 218   BYTECODE:    0: ArgCheck        [0 0 Identifier(NewResponse)]
[2023-01-02 14:57:55] 219   BYTECODE:    1: Import          "http"
[2023-01-02 14:57:55] 220   BYTECODE:    2: PushScope       
[2023-01-02 14:57:55] 221   BYTECODE:    3: | AtLine          152
[2023-01-02 14:57:55] 222   BYTECODE:    4: | Push            M<let>
[2023-01-02 14:57:55] 223   BYTECODE:    5: | Push            200
[2023-01-02 14:57:55] 224   BYTECODE:    6: | Push            "Status"
[2023-01-02 14:57:55] 225   BYTECODE:    7: | Push            T(*Response struct{Buffer string, Status int},Write(),WriteJSON(),WriteMessage(),WriteStatus(),WriteTemplate())
[2023-01-02 14:57:55] 226   BYTECODE:    8: | Push            "__type"
[2023-01-02 14:57:55] 227   BYTECODE:    9: | Struct          2
[2023-01-02 14:57:55] 228   BYTECODE:   10: | CreateAndStore  "r"
[2023-01-02 14:57:55] 229   BYTECODE:   11: | DropToMarker    M<let>
[2023-01-02 14:57:55] 230   BYTECODE:   12: | AtLine          156
[2023-01-02 14:57:55] 231   BYTECODE:   13: | Load            "r"
[2023-01-02 14:57:55] 232   BYTECODE:   14: | Coerce          T(*struct{Buffer string, Status int},Write(),WriteJSON(),WriteMessage(),WriteStatus(),WriteTemplate())
[2023-01-02 14:57:55] 233   BYTECODE:   15: | Return          true
[2023-01-02 14:57:55] 234   BYTECODE:   16: PopScope        2
[2023-01-02 14:57:55] 235   BYTECODE:   17: Return          
[2023-01-02 14:57:55] 236   BYTECODE: *** Disassembled 18 instructions
[2023-01-02 14:57:55] 237   BYTECODE: *** Disassembly NewRequest
[2023-01-02 14:57:55] 238   BYTECODE:    0: ArgCheck        [0 0 Identifier(NewRequest)]
[2023-01-02 14:57:55] 239   BYTECODE:    1: Import          "http"
[2023-01-02 14:57:55] 240   BYTECODE:    2: PushScope       
[2023-01-02 14:57:55] 241   BYTECODE:    3: | AtLine          160
[2023-01-02 14:57:55] 242   BYTECODE:    4: | Push            M<let>
[2023-01-02 14:57:55] 243   BYTECODE:    5: | Load            "_url"
[2023-01-02 14:57:55] 244   BYTECODE:    6: | Push            "Url"
[2023-01-02 14:57:55] 245   BYTECODE:    7: | Load            "_path_endpoint"
[2023-01-02 14:57:55] 246   BYTECODE:    8: | Push            "Endpoint"
[2023-01-02 14:57:55] 247   BYTECODE:    9: | Load            "_headers"
[2023-01-02 14:57:55] 248   BYTECODE:   10: | Push            "Headers"
[2023-01-02 14:57:55] 249   BYTECODE:   11: | Load            "_parms"
[2023-01-02 14:57:55] 250   BYTECODE:   12: | Push            "Parameters"
[2023-01-02 14:57:55] 251   BYTECODE:   13: | Load            "_method"
[2023-01-02 14:57:55] 252   BYTECODE:   14: | Push            "Method"
[2023-01-02 14:57:55] 253   BYTECODE:   15: | Load            "_body"
[2023-01-02 14:57:55] 254   BYTECODE:   16: | Push            "Body"
[2023-01-02 14:57:55] 255   BYTECODE:   17: | Push            T(*Request struct{Authentication string, Body string, Endpoint string, Headers map[string][]string, Media string, Method string, Parameters map[string][]string, Url string, Username string})
[2023-01-02 14:57:55] 256   BYTECODE:   18: | Push            "__type"
[2023-01-02 14:57:55] 257   BYTECODE:   19: | Struct          7
[2023-01-02 14:57:55] 258   BYTECODE:   20: | CreateAndStore  "r"
[2023-01-02 14:57:55] 259   BYTECODE:   21: | DropToMarker    M<let>
[2023-01-02 14:57:55] 260   BYTECODE:   22: | AtLine          169
[2023-01-02 14:57:55] 261   BYTECODE:   23: | Push            T(*bool)
[2023-01-02 14:57:55] 262   BYTECODE:   24: | Load            "_json"
[2023-01-02 14:57:55] 263   BYTECODE:   25: | Call            1
[2023-01-02 14:57:55] 264   BYTECODE:   26: | BranchFalse     @36
[2023-01-02 14:57:55] 265   BYTECODE:   27: | PushScope       
[2023-01-02 14:57:55] 266   BYTECODE:   28: | | AtLine          170
[2023-01-02 14:57:55] 267   BYTECODE:   29: | | Push            M<let>
[2023-01-02 14:57:55] 268   BYTECODE:   30: | | Push            "json"
[2023-01-02 14:57:55] 269   BYTECODE:   31: | | Load            "r"
[2023-01-02 14:57:55] 270   BYTECODE:   32: | | StoreIndex      "Media"
[2023-01-02 14:57:55] 271   BYTECODE:   33: | | DropToMarker    M<let>
[2023-01-02 14:57:55] 272   BYTECODE:   34: | PopScope        
[2023-01-02 14:57:55] 273   BYTECODE:   35: | Branch          @44
[2023-01-02 14:57:55] 274   BYTECODE:   36: | PushScope       
[2023-01-02 14:57:55] 275   BYTECODE:   37: | | AtLine          172
[2023-01-02 14:57:55] 276   BYTECODE:   38: | | Push            M<let>
[2023-01-02 14:57:55] 277   BYTECODE:   39: | | Push            "text"
[2023-01-02 14:57:55] 278   BYTECODE:   40: | | Load            "r"
[2023-01-02 14:57:55] 279   BYTECODE:   41: | | StoreIndex      "Media"
[2023-01-02 14:57:55] 280   BYTECODE:   42: | | DropToMarker    M<let>
[2023-01-02 14:57:55] 281   BYTECODE:   43: | PopScope        
[2023-01-02 14:57:55] 282   BYTECODE:   44: | AtLine          175
[2023-01-02 14:57:55] 283   BYTECODE:   45: | Push            T(*bool)
[2023-01-02 14:57:55] 284   BYTECODE:   46: | Load            "_authenticated"
[2023-01-02 14:57:55] 285   BYTECODE:   47: | Call            1
[2023-01-02 14:57:55] 286   BYTECODE:   48: | BranchFalse     @88
[2023-01-02 14:57:55] 287   BYTECODE:   49: | PushScope       
[2023-01-02 14:57:55] 288   BYTECODE:   50: | | AtLine          176
[2023-01-02 14:57:55] 289   BYTECODE:   51: | | Push            T(*bool)
[2023-01-02 14:57:55] 290   BYTECODE:   52: | | Load            "_token"
[2023-01-02 14:57:55] 291   BYTECODE:   53: | | Push            ""
[2023-01-02 14:57:55] 292   BYTECODE:   54: | | Equal           
[2023-01-02 14:57:55] 293   BYTECODE:   55: | | Call            1
[2023-01-02 14:57:55] 294   BYTECODE:   56: | | BranchFalse     @72
[2023-01-02 14:57:55] 295   BYTECODE:   57: | | PushScope       
[2023-01-02 14:57:55] 296   BYTECODE:   58: | | | AtLine          177
[2023-01-02 14:57:55] 297   BYTECODE:   59: | | | Push            M<let>
[2023-01-02 14:57:55] 298   BYTECODE:   60: | | | Push            "basic"
[2023-01-02 14:57:55] 299   BYTECODE:   61: | | | Load            "r"
[2023-01-02 14:57:55] 300   BYTECODE:   62: | | | StoreIndex      "Authentication"
[2023-01-02 14:57:55] 301   BYTECODE:   63: | | | DropToMarker    M<let>
[2023-01-02 14:57:55] 302   BYTECODE:   64: | | | AtLine          178
[2023-01-02 14:57:55] 303   BYTECODE:   65: | | | Push            M<let>
[2023-01-02 14:57:55] 304   BYTECODE:   66: | | | Load            "_user"
[2023-01-02 14:57:55] 305   BYTECODE:   67: | | | Load            "r"
[2023-01-02 14:57:55] 306   BYTECODE:   68: | | | StoreIndex      "Username"
[2023-01-02 14:57:55] 307   BYTECODE:   69: | | | DropToMarker    M<let>
[2023-01-02 14:57:55] 308   BYTECODE:   70: | | PopScope        
[2023-01-02 14:57:55] 309   BYTECODE:   71: | | Branch          @86
[2023-01-02 14:57:55] 310   BYTECODE:   72: | | PushScope       
[2023-01-02 14:57:55] 311   BYTECODE:   73: | | | AtLine          180
[2023-01-02 14:57:55] 312   BYTECODE:   74: | | | Push            M<let>
[2023-01-02 14:57:55] 313   BYTECODE:   75: | | | Push            "token"
[2023-01-02 14:57:55] 314   BYTECODE:   76: | | | Load            "r"
[2023-01-02 14:57:55] 315   BYTECODE:   77: | | | StoreIndex      "Authentication"
[2023-01-02 14:57:55] 316   BYTECODE:   78: | | | DropToMarker    M<let>
[2023-01-02 14:57:55] 317   BYTECODE:   79: | | | AtLine          181
[2023-01-02 14:57:55] 318   BYTECODE:   80: | | | Push            M<let>
[2023-01-02 14:57:55] 319   BYTECODE:   81: | | | Load            "_user"
[2023-01-02 14:57:55] 320   BYTECODE:   82: | | | Load            "r"
[2023-01-02 14:57:55] 321   BYTECODE:   83: | | | StoreIndex      "Username"
[2023-01-02 14:57:55] 322   BYTECODE:   84: | | | DropToMarker    M<let>
[2023-01-02 14:57:55] 323   BYTECODE:   85: | | PopScope        
[2023-01-02 14:57:55] 324   BYTECODE:   86: | PopScope        
[2023-01-02 14:57:55] 325   BYTECODE:   87: | Branch          @96
[2023-01-02 14:57:55] 326   BYTECODE:   88: | PushScope       
[2023-01-02 14:57:55] 327   BYTECODE:   89: | | AtLine          184
[2023-01-02 14:57:55] 328   BYTECODE:   90: | | Push            M<let>
[2023-01-02 14:57:55] 329   BYTECODE:   91: | | Push            "none"
[2023-01-02 14:57:55] 330   BYTECODE:   92: | | Load            "r"
[2023-01-02 14:57:55] 331   BYTECODE:   93: | | StoreIndex      "Authentication"
[2023-01-02 14:57:55] 332   BYTECODE:   94: | | DropToMarker    M<let>
[2023-01-02 14:57:55] 333   BYTECODE:   95: | PopScope        
[2023-01-02 14:57:55] 334   BYTECODE:   96: | AtLine          186
[2023-01-02 14:57:55] 335   BYTECODE:   97: | Load            "r"
[2023-01-02 14:57:55] 336   BYTECODE:   98: | Coerce          T(*struct{Authentication string, Body string, Endpoint string, Headers map[string][]string, Media string, Method string, Parameters map[string][]string, Url string, Username string})
[2023-01-02 14:57:55] 337   BYTECODE:   99: | Return          true
[2023-01-02 14:57:55] 338   BYTECODE:  100: PopScope        2
[2023-01-02 14:57:55] 339   BYTECODE:  101: Return          
[2023-01-02 14:57:55] 340   BYTECODE: *** Disassembled 102 instructions
[2023-01-02 14:57:55] 341   BYTECODE: *** Disassembly import http
[2023-01-02 14:57:55] 342   BYTECODE:    0: AtLine          1
[2023-01-02 14:57:55] 343   BYTECODE:    1: PushPackage     "http"
[2023-01-02 14:57:55] 344   BYTECODE:    2: AtLine          3
[2023-01-02 14:57:55] 345   BYTECODE:    3: Push            "GET"
[2023-01-02 14:57:55] 346   BYTECODE:    4: Constant        "MethodGet"
[2023-01-02 14:57:55] 347   BYTECODE:    5: Push            "HEAD"
[2023-01-02 14:57:55] 348   BYTECODE:    6: Constant        "MethodHead"
[2023-01-02 14:57:55] 349   BYTECODE:    7: Push            "POST"
[2023-01-02 14:57:55] 350   BYTECODE:    8: Constant        "MethodPost"
[2023-01-02 14:57:55] 351   BYTECODE:    9: Push            "PUT"
[2023-01-02 14:57:55] 352   BYTECODE:   10: Constant        "MethodPut"
[2023-01-02 14:57:55] 353   BYTECODE:   11: Push            "PATCH"
[2023-01-02 14:57:55] 354   BYTECODE:   12: Constant        "MethodPatch"
[2023-01-02 14:57:55] 355   BYTECODE:   13: Push            "DELETE"
[2023-01-02 14:57:55] 356   BYTECODE:   14: Constant        "MethodDelete"
[2023-01-02 14:57:55] 357   BYTECODE:   15: Push            "CONNECT"
[2023-01-02 14:57:55] 358   BYTECODE:   16: Constant        "MethodConnect"
[2023-01-02 14:57:55] 359   BYTECODE:   17: Push            "OPTIONS"
[2023-01-02 14:57:55] 360   BYTECODE:   18: Constant        "MethodOptions"
[2023-01-02 14:57:55] 361   BYTECODE:   19: Push            "TRACE"
[2023-01-02 14:57:55] 362   BYTECODE:   20: Constant        "MethodTrace"
[2023-01-02 14:57:55] 363   BYTECODE:   21: AtLine          15
[2023-01-02 14:57:55] 364   BYTECODE:   22: Push            "Mon, 02 Jan 2006 15:04:05 GMT"
[2023-01-02 14:57:55] 365   BYTECODE:   23: Constant        "TimeFormat"
[2023-01-02 14:57:55] 366   BYTECODE:   24: AtLine          17
[2023-01-02 14:57:55] 367   BYTECODE:   25: Push            100
[2023-01-02 14:57:55] 368   BYTECODE:   26: Constant        "StatusContinue"
[2023-01-02 14:57:55] 369   BYTECODE:   27: Push            101
[2023-01-02 14:57:55] 370   BYTECODE:   28: Constant        "StatusSwitchingProtocols"
[2023-01-02 14:57:55] 371   BYTECODE:   29: Push            102
[2023-01-02 14:57:55] 372   BYTECODE:   30: Constant        "StatusProcessing"
[2023-01-02 14:57:55] 373   BYTECODE:   31: Push            103
[2023-01-02 14:57:55] 374   BYTECODE:   32: Constant        "StatusEarlyHints"
[2023-01-02 14:57:55] 375   BYTECODE:   33: Push            200
[2023-01-02 14:57:55] 376   BYTECODE:   34: Constant        "StatusOK"
[2023-01-02 14:57:55] 377   BYTECODE:   35: Push            201
[2023-01-02 14:57:55] 378   BYTECODE:   36: Constant        "StatusCreated"
[2023-01-02 14:57:55] 379   BYTECODE:   37: Push            202
[2023-01-02 14:57:55] 380   BYTECODE:   38: Constant        "StatusAccepted"
[2023-01-02 14:57:55] 381   BYTECODE:   39: Push            203
[2023-01-02 14:57:55] 382   BYTECODE:   40: Constant        "StatusNonAuthoritativeInfo"
[2023-01-02 14:57:55] 383   BYTECODE:   41: Push            204
[2023-01-02 14:57:55] 384   BYTECODE:   42: Constant        "StatusNoContent"
[2023-01-02 14:57:55] 385   BYTECODE:   43: Push            205
[2023-01-02 14:57:55] 386   BYTECODE:   44: Constant        "StatusResetContent"
[2023-01-02 14:57:55] 387   BYTECODE:   45: Push            206
[2023-01-02 14:57:55] 388   BYTECODE:   46: Constant        "StatusPartialContent"
[2023-01-02 14:57:55] 389   BYTECODE:   47: Push            207
[2023-01-02 14:57:55] 390   BYTECODE:   48: Constant        "StatusMultiStatus"
[2023-01-02 14:57:55] 391   BYTECODE:   49: Push            208
[2023-01-02 14:57:55] 392   BYTECODE:   50: Constant        "StatusAlreadyReported"
[2023-01-02 14:57:55] 393   BYTECODE:   51: Push            226
[2023-01-02 14:57:55] 394   BYTECODE:   52: Constant        "StatusIMUsed"
[2023-01-02 14:57:55] 395   BYTECODE:   53: Push            300
[2023-01-02 14:57:55] 396   BYTECODE:   54: Constant        "StatusMultipleChoices"
[2023-01-02 14:57:55] 397   BYTECODE:   55: Push            301
[2023-01-02 14:57:55] 398   BYTECODE:   56: Constant        "StatusMovedPermanently"
[2023-01-02 14:57:55] 399   BYTECODE:   57: Push            302
[2023-01-02 14:57:55] 400   BYTECODE:   58: Constant        "StatusFound"
[2023-01-02 14:57:55] 401   BYTECODE:   59: Push            303
[2023-01-02 14:57:55] 402   BYTECODE:   60: Constant        "StatusSeeOther"
[2023-01-02 14:57:55] 403   BYTECODE:   61: Push            304
[2023-01-02 14:57:55] 404   BYTECODE:   62: Constant        "StatusNotModified"
[2023-01-02 14:57:55] 405   BYTECODE:   63: Push            305
[2023-01-02 14:57:55] 406   BYTECODE:   64: Constant        "StatusUseProxy"
[2023-01-02 14:57:55] 407   BYTECODE:   65: Push            307
[2023-01-02 14:57:55] 408   BYTECODE:   66: Constant        "StatusTemporaryRedirect"
[2023-01-02 14:57:55] 409   BYTECODE:   67: Push            308
[2023-01-02 14:57:55] 410   BYTECODE:   68: Constant        "StatusPermanentRedirect"
[2023-01-02 14:57:55] 411   BYTECODE:   69: Push            400
[2023-01-02 14:57:55] 412   BYTECODE:   70: Constant        "StatusBadRequest"
[2023-01-02 14:57:55] 413   BYTECODE:   71: Push            401
[2023-01-02 14:57:55] 414   BYTECODE:   72: Constant        "StatusUnauthorized"
[2023-01-02 14:57:55] 415   BYTECODE:   73: Push            402
[2023-01-02 14:57:55] 416   BYTECODE:   74: Constant        "StatusPaymentRequired"
[2023-01-02 14:57:55] 417   BYTECODE:   75: Push            403
[2023-01-02 14:57:55] 418   BYTECODE:   76: Constant        "StatusForbidden"
[2023-01-02 14:57:55] 419   BYTECODE:   77: Push            404
[2023-01-02 14:57:55] 420   BYTECODE:   78: Constant        "StatusNotFound"
[2023-01-02 14:57:55] 421   BYTECODE:   79: Push            405
[2023-01-02 14:57:55] 422   BYTECODE:   80: Constant        "StatusMethodNotAllowed"
[2023-01-02 14:57:55] 423   BYTECODE:   81: Push            406
[2023-01-02 14:57:55] 424   BYTECODE:   82: Constant        "StatusNotAcceptable"
[2023-01-02 14:57:55] 425   BYTECODE:   83: Push            407
[2023-01-02 14:57:55] 426   BYTECODE:   84: Constant        "StatusProxyAuthRequired"
[2023-01-02 14:57:55] 427   BYTECODE:   85: Push            408
[2023-01-02 14:57:55] 428   BYTECODE:   86: Constant        "StatusRequestTimeout"
[2023-01-02 14:57:55] 429   BYTECODE:   87: Push            409
[2023-01-02 14:57:55] 430   BYTECODE:   88: Constant        "StatusConflict"
[2023-01-02 14:57:55] 431   BYTECODE:   89: Push            410
[2023-01-02 14:57:55] 432   BYTECODE:   90: Constant        "StatusGone"
[2023-01-02 14:57:55] 433   BYTECODE:   91: Push            411
[2023-01-02 14:57:55] 434   BYTECODE:   92: Constant        "StatusLengthRequired"
[2023-01-02 14:57:55] 435   BYTECODE:   93: Push            412
[2023-01-02 14:57:55] 436   BYTECODE:   94: Constant        "StatusPreconditionFailed"
[2023-01-02 14:57:55] 437   BYTECODE:   95: Push            413
[2023-01-02 14:57:55] 438   BYTECODE:   96: Constant        "StatusRequestEntityTooLarge"
[2023-01-02 14:57:55] 439   BYTECODE:   97: Push            414
[2023-01-02 14:57:55] 440   BYTECODE:   98: Constant        "StatusRequestURITooLong"
[2023-01-02 14:57:55] 441   BYTECODE:   99: Push            415
[2023-01-02 14:57:55] 442   BYTECODE:  100: Constant        "StatusUnsupportedMediaType"
[2023-01-02 14:57:55] 443   BYTECODE:  101: Push            416
[2023-01-02 14:57:55] 444   BYTECODE:  102: Constant        "StatusRequestedRangeNotSatisfiable"
[2023-01-02 14:57:55] 445   BYTECODE:  103: Push            417
[2023-01-02 14:57:55] 446   BYTECODE:  104: Constant        "StatusExpectationFailed"
[2023-01-02 14:57:55] 447   BYTECODE:  105: Push            418
[2023-01-02 14:57:55] 448   BYTECODE:  106: Constant        "StatusTeapot"
[2023-01-02 14:57:55] 449   BYTECODE:  107: Push            421
[2023-01-02 14:57:55] 450   BYTECODE:  108: Constant        "StatusMisdirectedRequest"
[2023-01-02 14:57:55] 451   BYTECODE:  109: Push            422
[2023-01-02 14:57:55] 452   BYTECODE:  110: Constant        "StatusUnprocessableEntity"
[2023-01-02 14:57:55] 453   BYTECODE:  111: Push            423
[2023-01-02 14:57:55] 454   BYTECODE:  112: Constant        "StatusLocked"
[2023-01-02 14:57:55] 455   BYTECODE:  113: Push            424
[2023-01-02 14:57:55] 456   BYTECODE:  114: Constant        "StatusFailedDependency"
[2023-01-02 14:57:55] 457   BYTECODE:  115: Push            425
[2023-01-02 14:57:55] 458   BYTECODE:  116: Constant        "StatusTooEarly"
[2023-01-02 14:57:55] 459   BYTECODE:  117: Push            426
[2023-01-02 14:57:55] 460   BYTECODE:  118: Constant        "StatusUpgradeRequired"
[2023-01-02 14:57:55] 461   BYTECODE:  119: Push            428
[2023-01-02 14:57:55] 462   BYTECODE:  120: Constant        "StatusPreconditionRequired"
[2023-01-02 14:57:55] 463   BYTECODE:  121: Push            429
[2023-01-02 14:57:55] 464   BYTECODE:  122: Constant        "StatusTooManyRequests"
[2023-01-02 14:57:55] 465   BYTECODE:  123: Push            431
[2023-01-02 14:57:55] 466   BYTECODE:  124: Constant        "StatusRequestHeaderFieldsTooLarge"
[2023-01-02 14:57:55] 467   BYTECODE:  125: Push            451
[2023-01-02 14:57:55] 468   BYTECODE:  126: Constant        "StatusUnavailableForLegalReasons"
[2023-01-02 14:57:55] 469   BYTECODE:  127: Push            500
[2023-01-02 14:57:55] 470   BYTECODE:  128: Constant        "StatusInternalServerError"
[2023-01-02 14:57:55] 471   BYTECODE:  129: Push            501
[2023-01-02 14:57:55] 472   BYTECODE:  130: Constant        "StatusNotImplemented"
[2023-01-02 14:57:55] 473   BYTECODE:  131: Push            502
[2023-01-02 14:57:55] 474   BYTECODE:  132: Constant        "StatusBadGateway"
[2023-01-02 14:57:55] 475   BYTECODE:  133: Push            503
[2023-01-02 14:57:55] 476   BYTECODE:  134: Constant        "StatusServiceUnavailable"
[2023-01-02 14:57:55] 477   BYTECODE:  135: Push            504
[2023-01-02 14:57:55] 478   BYTECODE:  136: Constant        "StatusGatewayTimeout"
[2023-01-02 14:57:55] 479   BYTECODE:  137: Push            505
[2023-01-02 14:57:55] 480   BYTECODE:  138: Constant        "StatusHTTPVersionNotSupported"
[2023-01-02 14:57:55] 481   BYTECODE:  139: Push            506
[2023-01-02 14:57:55] 482   BYTECODE:  140: Constant        "StatusVariantAlsoNegotiates"
[2023-01-02 14:57:55] 483   BYTECODE:  141: Push            507
[2023-01-02 14:57:55] 484   BYTECODE:  142: Constant        "StatusInsufficientStorage"
[2023-01-02 14:57:55] 485   BYTECODE:  143: Push            508
[2023-01-02 14:57:55] 486   BYTECODE:  144: Constant        "StatusLoopDetected"
[2023-01-02 14:57:55] 487   BYTECODE:  145: Push            510
[2023-01-02 14:57:55] 488   BYTECODE:  146: Constant        "StatusNotExtended"
[2023-01-02 14:57:55] 489   BYTECODE:  147: Push            511
[2023-01-02 14:57:55] 490   BYTECODE:  148: Constant        "StatusNetworkAuthenticationRequired"
[2023-01-02 14:57:55] 491   BYTECODE:  149: AtLine          88
[2023-01-02 14:57:55] 492   BYTECODE:  150: PushPackage     "http"
[2023-01-02 14:57:55] 493   BYTECODE:  151: AtLine          90
[2023-01-02 14:57:55] 494   BYTECODE:  152: Push            T(*Request struct{Authentication string, Body string, Endpoint string, Headers map[string][]string, Media string, Method string, Parameters map[string][]string, Url string, Username string})
[2023-01-02 14:57:55] 495   BYTECODE:  153: StoreAlways     "Request"
[2023-01-02 14:57:55] 496   BYTECODE:  154: AtLine          102
[2023-01-02 14:57:55] 497   BYTECODE:  155: Push            T(*Response struct{Buffer string, Status int},Write(),WriteJSON(),WriteMessage(),WriteStatus(),WriteTemplate())
[2023-01-02 14:57:55] 498   BYTECODE:  156: StoreAlways     "Response"
[2023-01-02 14:57:55] 499   BYTECODE:  157: Push            T(*Response struct{Buffer string, Status int},Write(),WriteJSON(),WriteMessage(),WriteStatus(),WriteTemplate())
[2023-01-02 14:57:55] 500   BYTECODE:  158: StoreAlways     "Response"
[2023-01-02 14:57:55] 501   BYTECODE:  159: Push            T(*Response struct{Buffer string, Status int},Write(),WriteJSON(),WriteMessage(),WriteStatus(),WriteTemplate())
[2023-01-02 14:57:55] 502   BYTECODE:  160: StoreAlways     "Response"
[2023-01-02 14:57:55] 503   BYTECODE:  161: Push            T(*Response struct{Buffer string, Status int},Write(),WriteJSON(),WriteMessage(),WriteStatus(),WriteTemplate())
[2023-01-02 14:57:55] 504   BYTECODE:  162: StoreAlways     "Response"
[2023-01-02 14:57:55] 505   BYTECODE:  163: Push            T(*Response struct{Buffer string, Status int},Write(),WriteJSON(),WriteMessage(),WriteStatus(),WriteTemplate())
[2023-01-02 14:57:55] 506   BYTECODE:  164: StoreAlways     "Response"
[2023-01-02 14:57:55] 507   BYTECODE:  165: Push            T(*Response struct{Buffer string, Status int},Write(),WriteJSON(),WriteMessage(),WriteStatus(),WriteTemplate())
[2023-01-02 14:57:55] 508   BYTECODE:  166: StoreAlways     "Response"
[2023-01-02 14:57:55] 509   BYTECODE:  167: Push            BadURL(url string)
[2023-01-02 14:57:55] 510   BYTECODE:  168: StoreAlways     "BadURL"
[2023-01-02 14:57:55] 511   BYTECODE:  169: Push            NewResponse() Response struct{Buffer string, Status int}
[2023-01-02 14:57:55] 512   BYTECODE:  170: StoreAlways     "NewResponse"
[2023-01-02 14:57:55] 513   BYTECODE:  171: Push            NewRequest() Request struct{Authentication string, Body string, Endpoint string, Headers map[string][]string, Media string, Method string, Parameters map[string][]string, Url string, Username string}
[2023-01-02 14:57:55] 514   BYTECODE:  172: StoreAlways     "NewRequest"
[2023-01-02 14:57:55] 515   BYTECODE:  173: PopPackage      "http"
[2023-01-02 14:57:55] 516   BYTECODE: *** Disassembled 174 instructions
[2023-01-02 14:57:55] 517   BYTECODE: *** Disassembly DirList
[2023-01-02 14:57:55] 518   BYTECODE:    0: ArgCheck        [1 1 Identifier(DirList)]
[2023-01-02 14:57:55] 519   BYTECODE:    1: Load            "__args"
[2023-01-02 14:57:55] 520   BYTECODE:    2: LoadIndex       0
[2023-01-02 14:57:55] 521   BYTECODE:    3: RequiredType    T(*string)
[2023-01-02 14:57:55] 522   BYTECODE:    4: StoreAlways     "path"
[2023-01-02 14:57:55] 523   BYTECODE:    5: Import          "io"
[2023-01-02 14:57:55] 524   BYTECODE:    6: PushScope       
[2023-01-02 14:57:55] 525   BYTECODE:    7: | AtLine          5
[2023-01-02 14:57:55] 526   BYTECODE:    8: | Push            M<let>
[2023-01-02 14:57:55] 527   BYTECODE:    9: | Load            "new"
[2023-01-02 14:57:55] 528   BYTECODE:   10: | Push            T(*[]string)
[2023-01-02 14:57:55] 529   BYTECODE:   11: | Call            1
[2023-01-02 14:57:55] 530   BYTECODE:   12: | CreateAndStore  "a"
[2023-01-02 14:57:55] 531   BYTECODE:   13: | DropToMarker    M<let>
[2023-01-02 14:57:55] 532   BYTECODE:   14: | AtLine          6
[2023-01-02 14:57:55] 533   BYTECODE:   15: | CreateAndStore  [r ]
[2023-01-02 14:57:55] 534   BYTECODE:   16: | AtLine          8
[2023-01-02 14:57:55] 535   BYTECODE:   17: | Try             @30
[2023-01-02 14:57:55] 536   BYTECODE:   18: | PushScope       
[2023-01-02 14:57:55] 537   BYTECODE:   19: | | AtLine          9
[2023-01-02 14:57:55] 538   BYTECODE:   20: | | Push            M<let>
[2023-01-02 14:57:55] 539   BYTECODE:   21: | | Load            "io"
[2023-01-02 14:57:55] 540   BYTECODE:   22: | | SetThis         
[2023-01-02 14:57:55] 541   BYTECODE:   23: | | Member          "ReadDir"
[2023-01-02 14:57:55] 542   BYTECODE:   24: | | Load            "path"
[2023-01-02 14:57:55] 543   BYTECODE:   25: | | Call            1
[2023-01-02 14:57:55] 544   BYTECODE:   26: | | Store           "a"
[2023-01-02 14:57:55] 545   BYTECODE:   27: | | DropToMarker    M<let>
[2023-01-02 14:57:55] 546   BYTECODE:   28: | PopScope        
[2023-01-02 14:57:55] 547   BYTECODE:   29: | Branch          @44
[2023-01-02 14:57:55] 548   BYTECODE:   30: | Load            "_error"
[2023-01-02 14:57:55] 549   BYTECODE:   31: | StoreAlways     "e"
[2023-01-02 14:57:55] 550   BYTECODE:   32: | PushScope       
[2023-01-02 14:57:55] 551   BYTECODE:   33: | | AtLine          11
[2023-01-02 14:57:55] 552   BYTECODE:   34: | | Load            "e"
[2023-01-02 14:57:55] 553   BYTECODE:   35: | | Print           
[2023-01-02 14:57:55] 554   BYTECODE:   36: | | Newline         
[2023-01-02 14:57:55] 555   BYTECODE:   37: | | AtLine          12
[2023-01-02 14:57:55] 556   BYTECODE:   38: | | Push            "unable to read directory path: "
[2023-01-02 14:57:55] 557   BYTECODE:   39: | | Load            "path"
[2023-01-02 14:57:55] 558   BYTECODE:   40: | | Add             
[2023-01-02 14:57:55] 559   BYTECODE:   41: | | Coerce          T(*string)
[2023-01-02 14:57:55] 560   BYTECODE:   42: | | Return          true
[2023-01-02 14:57:55] 561   BYTECODE:   43: | PopScope        2
[2023-01-02 14:57:55] 562   BYTECODE:   44: | TryPop          
[2023-01-02 14:57:55] 563   BYTECODE:   45: | AtLine          14
[2023-01-02 14:57:55] 564   BYTECODE:   46: | CreateAndStore  [fmtstr %s  %-20s  %10d  %s\n]
[2023-01-02 14:57:55] 565   BYTECODE:   47: | AtLine          15
[2023-01-02 14:57:55] 566   BYTECODE:   48: | PushScope       
[2023-01-02 14:57:55] 567   BYTECODE:   49: | | Push            M<let>
[2023-01-02 14:57:55] 568   BYTECODE:   50: | | Load            "a"
[2023-01-02 14:57:55] 569   BYTECODE:   51: | | RangeInit       [_ i]
[2023-01-02 14:57:55] 570   BYTECODE:   52: | | RangeNext       @80
[2023-01-02 14:57:55] 571   BYTECODE:   53: | | PushScope       
[2023-01-02 14:57:55] 572   BYTECODE:   54: | | | AtLine          16
[2023-01-02 14:57:55] 573   BYTECODE:   55: | | | Push            M<let>
[2023-01-02 14:57:55] 574   BYTECODE:   56: | | | Load            "r"
[2023-01-02 14:57:55] 575   BYTECODE:   57: | | | Load            "fmt"
[2023-01-02 14:57:55] 576   BYTECODE:   58: | | | SetThis         
[2023-01-02 14:57:55] 577   BYTECODE:   59: | | | Member          "Sprintf"
[2023-01-02 14:57:55] 578   BYTECODE:   60: | | | Load            "fmtstr"
[2023-01-02 14:57:55] 579   BYTECODE:   61: | | | Load            "i"
[2023-01-02 14:57:55] 580   BYTECODE:   62: | | | Member          "mode"
[2023-01-02 14:57:55] 581   BYTECODE:   63: | | | Load            "strings"
[2023-01-02 14:57:55] 582   BYTECODE:   64: | | | SetThis         
[2023-01-02 14:57:55] 583   BYTECODE:   65: | | | Member          "Left"
[2023-01-02 14:57:55] 584   BYTECODE:   66: | | | Load            "i"
[2023-01-02 14:57:55] 585   BYTECODE:   67: | | | Member          "modified"
[2023-01-02 14:57:55] 586   BYTECODE:   68: | | | Push            19
[2023-01-02 14:57:55] 587   BYTECODE:   69: | | | Call            2
[2023-01-02 14:57:55] 588   BYTECODE:   70: | | | Load            "i"
[2023-01-02 14:57:55] 589   BYTECODE:   71: | | | Member          "size"
[2023-01-02 14:57:55] 590   BYTECODE:   72: | | | Load            "i"
[2023-01-02 14:57:55] 591   BYTECODE:   73: | | | Member          "name"
[2023-01-02 14:57:55] 592   BYTECODE:   74: | | | Call            5
[2023-01-02 14:57:55] 593   BYTECODE:   75: | | | Add             
[2023-01-02 14:57:55] 594   BYTECODE:   76: | | | Store           "r"
[2023-01-02 14:57:55] 595   BYTECODE:   77: | | | DropToMarker    M<let>
[2023-01-02 14:57:55] 596   BYTECODE:   78: | | PopScope        
[2023-01-02 14:57:55] 597   BYTECODE:   79: | | Branch          @52
[2023-01-02 14:57:55] 598   BYTECODE:   80: | | SymbolDelete    "i"
[2023-01-02 14:57:55] 599   BYTECODE:   81: | PopScope        
[2023-01-02 14:57:55] 600   BYTECODE:   82: | DropToMarker    
[2023-01-02 14:57:55] 601   BYTECODE:   83: | AtLine          18
[2023-01-02 14:57:55] 602   BYTECODE:   84: | Load            "r"
[2023-01-02 14:57:55] 603   BYTECODE:   85: | Coerce          T(*string)
[2023-01-02 14:57:55] 604   BYTECODE:   86: | Return          true
[2023-01-02 14:57:55] 605   BYTECODE:   87: PopScope        2
[2023-01-02 14:57:55] 606   BYTECODE:   88: Return          
[2023-01-02 14:57:55] 607   BYTECODE: *** Disassembled 89 instructions
[2023-01-02 14:57:55] 608   BYTECODE: *** Disassembly import io
[2023-01-02 14:57:55] 609   BYTECODE:    0: AtLine          1
[2023-01-02 14:57:55] 610   BYTECODE:    1: PushPackage     "io"
[2023-01-02 14:57:55] 611   BYTECODE:    2: Push            DirList(path string) string
[2023-01-02 14:57:55] 612   BYTECODE:    3: StoreAlways     "DirList"
[2023-01-02 14:57:55] 613   BYTECODE:    4: PopPackage      "io"
[2023-01-02 14:57:55] 614   BYTECODE: *** Disassembled 5 instructions
[2023-01-02 14:57:55] 615   BYTECODE: *** Disassembly Factor
[2023-01-02 14:57:55] 616   BYTECODE:    0: ArgCheck        [1 1 Identifier(Factor)]
[2023-01-02 14:57:55] 617   BYTECODE:    1: Load            "__args"
[2023-01-02 14:57:55] 618   BYTECODE:    2: LoadIndex       0
[2023-01-02 14:57:55] 619   BYTECODE:    3: RequiredType    T(*int)
[2023-01-02 14:57:55] 620   BYTECODE:    4: StoreAlways     "n"
[2023-01-02 14:57:55] 621   BYTECODE:    5: Import          "math"
[2023-01-02 14:57:55] 622   BYTECODE:    6: PushScope       
[2023-01-02 14:57:55] 623   BYTECODE:    7: | AtLine          27
[2023-01-02 14:57:55] 624   BYTECODE:    8: | Push            T(*bool)
[2023-01-02 14:57:55] 625   BYTECODE:    9: | Load            "n"
[2023-01-02 14:57:55] 626   BYTECODE:   10: | Push            1
[2023-01-02 14:57:55] 627   BYTECODE:   11: | LT              
[2023-01-02 14:57:55] 628   BYTECODE:   12: | Call            1
[2023-01-02 14:57:55] 629   BYTECODE:   13: | BranchFalse     @23
[2023-01-02 14:57:55] 630   BYTECODE:   14: | PushScope       
[2023-01-02 14:57:55] 631   BYTECODE:   15: | | AtLine          28
[2023-01-02 14:57:55] 632   BYTECODE:   16: | | Load            "make"
[2023-01-02 14:57:55] 633   BYTECODE:   17: | | Push            T(*[]int)
[2023-01-02 14:57:55] 634   BYTECODE:   18: | | Push            0
[2023-01-02 14:57:55] 635   BYTECODE:   19: | | Call            2
[2023-01-02 14:57:55] 636   BYTECODE:   20: | | Coerce          T(*[]int)
[2023-01-02 14:57:55] 637   BYTECODE:   21: | | Return          true
[2023-01-02 14:57:55] 638   BYTECODE:   22: | PopScope        
[2023-01-02 14:57:55] 639   BYTECODE:   23: | AtLine          31
[2023-01-02 14:57:55] 640   BYTECODE:   24: | Push            T(*bool)
[2023-01-02 14:57:55] 641   BYTECODE:   25: | Load            "n"
[2023-01-02 14:57:55] 642   BYTECODE:   26: | Push            T(*int)
[2023-01-02 14:57:55] 643   BYTECODE:   27: | Load            "n"
[2023-01-02 14:57:55] 644   BYTECODE:   28: | Call            1
[2023-01-02 14:57:55] 645   BYTECODE:   29: | NotEqual        
[2023-01-02 14:57:55] 646   BYTECODE:   30: | Call            1
[2023-01-02 14:57:55] 647   BYTECODE:   31: | BranchFalse     @41
[2023-01-02 14:57:55] 648   BYTECODE:   32: | PushScope       
[2023-01-02 14:57:55] 649   BYTECODE:   33: | | AtLine          32
[2023-01-02 14:57:55] 650   BYTECODE:   34: | | Load            "make"
[2023-01-02 14:57:55] 651   BYTECODE:   35: | | Push            T(*[]int)
[2023-01-02 14:57:55] 652   BYTECODE:   36: | | Push            0
[2023-01-02 14:57:55] 653   BYTECODE:   37: | | Call            2
[2023-01-02 14:57:55] 654   BYTECODE:   38: | | Coerce          T(*[]int)
[2023-01-02 14:57:55] 655   BYTECODE:   39: | | Return          true
[2023-01-02 14:57:55] 656   BYTECODE:   40: | PopScope        
[2023-01-02 14:57:55] 657   BYTECODE:   41: | AtLine          35
[2023-01-02 14:57:55] 658   BYTECODE:   42: | Push            T(*bool)
[2023-01-02 14:57:55] 659   BYTECODE:   43: | Load            "n"
[2023-01-02 14:57:55] 660   BYTECODE:   44: | Push            1
[2023-01-02 14:57:55] 661   BYTECODE:   45: | Equal           
[2023-01-02 14:57:55] 662   BYTECODE:   46: | Call            1
[2023-01-02 14:57:55] 663   BYTECODE:   47: | BranchFalse     @56
[2023-01-02 14:57:55] 664   BYTECODE:   48: | PushScope       
[2023-01-02 14:57:55] 665   BYTECODE:   49: | | AtLine          36
[2023-01-02 14:57:55] 666   BYTECODE:   50: | | Push            1
[2023-01-02 14:57:55] 667   BYTECODE:   51: | | Push            T(*int)
[2023-01-02 14:57:55] 668   BYTECODE:   52: | | MakeArray       1
[2023-01-02 14:57:55] 669   BYTECODE:   53: | | Coerce          T(*[]int)
[2023-01-02 14:57:55] 670   BYTECODE:   54: | | Return          true
[2023-01-02 14:57:55] 671   BYTECODE:   55: | PopScope        
[2023-01-02 14:57:55] 672   BYTECODE:   56: | AtLine          39
[2023-01-02 14:57:55] 673   BYTECODE:   57: | Push            T(*bool)
[2023-01-02 14:57:55] 674   BYTECODE:   58: | Load            "n"
[2023-01-02 14:57:55] 675   BYTECODE:   59: | Push            2
[2023-01-02 14:57:55] 676   BYTECODE:   60: | Equal           
[2023-01-02 14:57:55] 677   BYTECODE:   61: | Call            1
[2023-01-02 14:57:55] 678   BYTECODE:   62: | BranchFalse     @72
[2023-01-02 14:57:55] 679   BYTECODE:   63: | PushScope       
[2023-01-02 14:57:55] 680   BYTECODE:   64: | | AtLine          40
[2023-01-02 14:57:55] 681   BYTECODE:   65: | | Push            1
[2023-01-02 14:57:55] 682   BYTECODE:   66: | | Push            2
[2023-01-02 14:57:55] 683   BYTECODE:   67: | | Push            T(*int)
[2023-01-02 14:57:55] 684   BYTECODE:   68: | | MakeArray       2
[2023-01-02 14:57:55] 685   BYTECODE:   69: | | Coerce          T(*[]int)
[2023-01-02 14:57:55] 686   BYTECODE:   70: | | Return          true
[2023-01-02 14:57:55] 687   BYTECODE:   71: | PopScope        
[2023-01-02 14:57:55] 688   BYTECODE:   72: | AtLine          43
[2023-01-02 14:57:55] 689   BYTECODE:   73: | Push            M<let>
[2023-01-02 14:57:55] 690   BYTECODE:   74: | Push            T(*int)
[2023-01-02 14:57:55] 691   BYTECODE:   75: | Load            "math"
[2023-01-02 14:57:55] 692   BYTECODE:   76: | SetThis         
[2023-01-02 14:57:55] 693   BYTECODE:   77: | Member          "Sqrt"
[2023-01-02 14:57:55] 694   BYTECODE:   78: | Load            "n"
[2023-01-02 14:57:55] 695   BYTECODE:   79: | Call            1
[2023-01-02 14:57:55] 696   BYTECODE:   80: | Call            1
[2023-01-02 14:57:55] 697   BYTECODE:   81: | CreateAndStore  "length"
[2023-01-02 14:57:55] 698   BYTECODE:   82: | DropToMarker    M<let>
[2023-01-02 14:57:55] 699   BYTECODE:   83: | AtLine          44
[2023-01-02 14:57:55] 700   BYTECODE:   84: | CreateAndStore  [count 0]
[2023-01-02 14:57:55] 701   BYTECODE:   85: | AtLine          45
[2023-01-02 14:57:55] 702   BYTECODE:   86: | Push            M<let>
[2023-01-02 14:57:55] 703   BYTECODE:   87: | Push            1
[2023-01-02 14:57:55] 704   BYTECODE:   88: | Push            T(*int)
[2023-01-02 14:57:55] 705   BYTECODE:   89: | MakeArray       1
[2023-01-02 14:57:55] 706   BYTECODE:   90: | CreateAndStore  "result"
[2023-01-02 14:57:55] 707   BYTECODE:   91: | DropToMarker    M<let>
[2023-01-02 14:57:55] 708   BYTECODE:   92: | AtLine          47
[2023-01-02 14:57:55] 709   BYTECODE:   93: | PushScope       
[2023-01-02 14:57:55] 710   BYTECODE:   94: | | CreateAndStore  [i 2]
[2023-01-02 14:57:55] 711   BYTECODE:   95: | | Push            M<let>
[2023-01-02 14:57:55] 712   BYTECODE:   96: | | Load            "i"
[2023-01-02 14:57:55] 713   BYTECODE:   97: | | Load            "length"
[2023-01-02 14:57:55] 714   BYTECODE:   98: | | LTEQ            
[2023-01-02 14:57:55] 715   BYTECODE:   99: | | BranchFalse     @182
[2023-01-02 14:57:55] 716   BYTECODE:  100: | | PushScope       
[2023-01-02 14:57:55] 717   BYTECODE:  101: | | | AtLine          48
[2023-01-02 14:57:55] 718   BYTECODE:  102: | | | Push            M<let>
[2023-01-02 14:57:55] 719   BYTECODE:  103: | | | Load            "count"
[2023-01-02 14:57:55] 720   BYTECODE:  104: | | | Push            1
[2023-01-02 14:57:55] 721   BYTECODE:  105: | | | Add             
[2023-01-02 14:57:55] 722   BYTECODE:  106: | | | Store           "count"
[2023-01-02 14:57:55] 723   BYTECODE:  107: | | | DropToMarker    M<let>
[2023-01-02 14:57:55] 724   BYTECODE:  108: | | | AtLine          49
[2023-01-02 14:57:55] 725   BYTECODE:  109: | | | Push            M<let>
[2023-01-02 14:57:55] 726   BYTECODE:  110: | | | Push            T(*float64)
[2023-01-02 14:57:55] 727   BYTECODE:  111: | | | Load            "n"
[2023-01-02 14:57:55] 728   BYTECODE:  112: | | | Call            1
[2023-01-02 14:57:55] 729   BYTECODE:  113: | | | Load            "i"
[2023-01-02 14:57:55] 730   BYTECODE:  114: | | | Div             
[2023-01-02 14:57:55] 731   BYTECODE:  115: | | | CreateAndStore  "d"
[2023-01-02 14:57:55] 732   BYTECODE:  116: | | | DropToMarker    M<let>
[2023-01-02 14:57:55] 733   BYTECODE:  117: | | | AtLine          50
[2023-01-02 14:57:55] 734   BYTECODE:  118: | | | Push            M<let>
[2023-01-02 14:57:55] 735   BYTECODE:  119: | | | Push            T(*int)
[2023-01-02 14:57:55] 736   BYTECODE:  120: | | | Load            "n"
[2023-01-02 14:57:55] 737   BYTECODE:  121: | | | Call            1
[2023-01-02 14:57:55] 738   BYTECODE:  122: | | | Load            "i"
[2023-01-02 14:57:55] 739   BYTECODE:  123: | | | Div             
[2023-01-02 14:57:55] 740   BYTECODE:  124: | | | CreateAndStore  "j"
[2023-01-02 14:57:55] 741   BYTECODE:  125: | | | DropToMarker    M<let>
[2023-01-02 14:57:55] 742   BYTECODE:  126: | | | AtLine          52
[2023-01-02 14:57:55] 743   BYTECODE:  127: | | | Push            T(*bool)
[2023-01-02 14:57:55] 744   BYTECODE:  128: | | | Load            "d"
[2023-01-02 14:57:55] 745   BYTECODE:  129: | | | Load            "j"
[2023-01-02 14:57:55] 746   BYTECODE:  130: | | | Equal           
[2023-01-02 14:57:55] 747   BYTECODE:  131: | | | Call            1
[2023-01-02 14:57:55] 748   BYTECODE:  132: | | | BranchFalse     @175
[2023-01-02 14:57:55] 749   BYTECODE:  133: | | | PushScope       
[2023-01-02 14:57:55] 750   BYTECODE:  134: | | | | AtLine          53
[2023-01-02 14:57:55] 751   BYTECODE:  135: | | | | Push            T(*bool)
[2023-01-02 14:57:55] 752   BYTECODE:  136: | | | | Load            "index"
[2023-01-02 14:57:55] 753   BYTECODE:  137: | | | | Load            "result"
[2023-01-02 14:57:55] 754   BYTECODE:  138: | | | | Load            "i"
[2023-01-02 14:57:55] 755   BYTECODE:  139: | | | | Call            2
[2023-01-02 14:57:55] 756   BYTECODE:  140: | | | | Push            0
[2023-01-02 14:57:55] 757   BYTECODE:  141: | | | | LT              
[2023-01-02 14:57:55] 758   BYTECODE:  142: | | | | Call            1
[2023-01-02 14:57:55] 759   BYTECODE:  143: | | | | BranchFalse     @154
[2023-01-02 14:57:55] 760   BYTECODE:  144: | | | | PushScope       
[2023-01-02 14:57:55] 761   BYTECODE:  145: | | | | | AtLine          54
[2023-01-02 14:57:55] 762   BYTECODE:  146: | | | | | Push            M<let>
[2023-01-02 14:57:55] 763   BYTECODE:  147: | | | | | Load            "append"
[2023-01-02 14:57:55] 764   BYTECODE:  148: | | | | | Load            "result"
[2023-01-02 14:57:55] 765   BYTECODE:  149: | | | | | Load            "i"
[2023-01-02 14:57:55] 766   BYTECODE:  150: | | | | | Call            2
[2023-01-02 14:57:55] 767   BYTECODE:  151: | | | | | Store           "result"
[2023-01-02 14:57:55] 768   BYTECODE:  152: | | | | | DropToMarker    M<let>
[2023-01-02 14:57:55] 769   BYTECODE:  153: | | | | PopScope        
[2023-01-02 14:57:55] 770   BYTECODE:  154: | | | | AtLine          57
[2023-01-02 14:57:55] 771   BYTECODE:  155: | | | | Push            T(*bool)
[2023-01-02 14:57:55] 772   BYTECODE:  156: | | | | Load            "index"
[2023-01-02 14:57:55] 773   BYTECODE:  157: | | | | Load            "result"
[2023-01-02 14:57:55] 774   BYTECODE:  158: | | | | Load            "j"
[2023-01-02 14:57:55] 775   BYTECODE:  159: | | | | Call            2
[2023-01-02 14:57:55] 776   BYTECODE:  160: | | | | Push            0
[2023-01-02 14:57:55] 777   BYTECODE:  161: | | | | LT              
[2023-01-02 14:57:55] 778   BYTECODE:  162: | | | | Call            1
[2023-01-02 14:57:55] 779   BYTECODE:  163: | | | | BranchFalse     @174
[2023-01-02 14:57:55] 780   BYTECODE:  164: | | | | PushScope       
[2023-01-02 14:57:55] 781   BYTECODE:  165: | | | | | AtLine          58
[2023-01-02 14:57:55] 782   BYTECODE:  166: | | | | | Push            M<let>
[2023-01-02 14:57:55] 783   BYTECODE:  167: | | | | | Load            "append"
[2023-01-02 14:57:55] 784   BYTECODE:  168: | | | | | Load            "result"
[2023-01-02 14:57:55] 785   BYTECODE:  169: | | | | | Load            "j"
[2023-01-02 14:57:55] 786   BYTECODE:  170: | | | | | Call            2
[2023-01-02 14:57:55] 787   BYTECODE:  171: | | | | | Store           "result"
[2023-01-02 14:57:55] 788   BYTECODE:  172: | | | | | DropToMarker    M<let>
[2023-01-02 14:57:55] 789   BYTECODE:  173: | | | | PopScope        
[2023-01-02 14:57:55] 790   BYTECODE:  174: | | | PopScope        
[2023-01-02 14:57:55] 791   BYTECODE:  175: | | PopScope        
[2023-01-02 14:57:55] 792   BYTECODE:  176: | | Load            "i"
[2023-01-02 14:57:55] 793   BYTECODE:  177: | | Push            1
[2023-01-02 14:57:55] 794   BYTECODE:  178: | | Add             
[2023-01-02 14:57:55] 795   BYTECODE:  179: | | Store           "i"
[2023-01-02 14:57:55] 796   BYTECODE:  180: | | DropToMarker    M<let>
[2023-01-02 14:57:55] 797   BYTECODE:  181: | | Branch          @96
[2023-01-02 14:57:55] 798   BYTECODE:  182: | PopScope        
[2023-01-02 14:57:55] 799   BYTECODE:  183: | DropToMarker    
[2023-01-02 14:57:55] 800   BYTECODE:  184: | AtLine          63
[2023-01-02 14:57:55] 801   BYTECODE:  185: | Push            M<let>
[2023-01-02 14:57:55] 802   BYTECODE:  186: | Load            "append"
[2023-01-02 14:57:55] 803   BYTECODE:  187: | Load            "result"
[2023-01-02 14:57:55] 804   BYTECODE:  188: | Load            "n"
[2023-01-02 14:57:55] 805   BYTECODE:  189: | Call            2
[2023-01-02 14:57:55] 806   BYTECODE:  190: | Store           "result"
[2023-01-02 14:57:55] 807   BYTECODE:  191: | DropToMarker    M<let>
[2023-01-02 14:57:55] 808   BYTECODE:  192: | AtLine          65
[2023-01-02 14:57:55] 809   BYTECODE:  193: | Load            "sort"
[2023-01-02 14:57:55] 810   BYTECODE:  194: | SetThis         
[2023-01-02 14:57:55] 811   BYTECODE:  195: | Member          "Ints"
[2023-01-02 14:57:55] 812   BYTECODE:  196: | Load            "result"
[2023-01-02 14:57:55] 813   BYTECODE:  197: | Call            1
[2023-01-02 14:57:55] 814   BYTECODE:  198: | Coerce          T(*[]int)
[2023-01-02 14:57:55] 815   BYTECODE:  199: | Return          true
[2023-01-02 14:57:55] 816   BYTECODE:  200: PopScope        2
[2023-01-02 14:57:55] 817   BYTECODE:  201: Return          
[2023-01-02 14:57:55] 818   BYTECODE: *** Disassembled 202 instructions
[2023-01-02 14:57:55] 819   BYTECODE: *** Disassembly Primes
[2023-01-02 14:57:55] 820   BYTECODE:    0: ArgCheck        [1 1 Identifier(Primes)]
[2023-01-02 14:57:55] 821   BYTECODE:    1: Load            "__args"
[2023-01-02 14:57:55] 822   BYTECODE:    2: LoadIndex       0
[2023-01-02 14:57:55] 823   BYTECODE:    3: RequiredType    T(*int)
[2023-01-02 14:57:55] 824   BYTECODE:    4: StoreAlways     "size"
[2023-01-02 14:57:55] 825   BYTECODE:    5: Import          "math"
[2023-01-02 14:57:55] 826   BYTECODE:    6: PushScope       
[2023-01-02 14:57:55] 827   BYTECODE:    7: | AtLine          73
[2023-01-02 14:57:55] 828   BYTECODE:    8: | Push            M<let>
[2023-01-02 14:57:55] 829   BYTECODE:    9: | Load            "make"
[2023-01-02 14:57:55] 830   BYTECODE:   10: | Push            T(*[]bool)
[2023-01-02 14:57:55] 831   BYTECODE:   11: | Load            "size"
[2023-01-02 14:57:55] 832   BYTECODE:   12: | Push            1
[2023-01-02 14:57:55] 833   BYTECODE:   13: | Add             
[2023-01-02 14:57:55] 834   BYTECODE:   14: | Call            2
[2023-01-02 14:57:55] 835   BYTECODE:   15: | CreateAndStore  "t"
[2023-01-02 14:57:55] 836   BYTECODE:   16: | DropToMarker    M<let>
[2023-01-02 14:57:55] 837   BYTECODE:   17: | AtLine          74
[2023-01-02 14:57:55] 838   BYTECODE:   18: | Push            M<let>
[2023-01-02 14:57:55] 839   BYTECODE:   19: | Load            "make"
[2023-01-02 14:57:55] 840   BYTECODE:   20: | Push            T(*[]int)
[2023-01-02 14:57:55] 841   BYTECODE:   21: | Push            0
[2023-01-02 14:57:55] 842   BYTECODE:   22: | Call            2
[2023-01-02 14:57:55] 843   BYTECODE:   23: | CreateAndStore  "r"
[2023-01-02 14:57:55] 844   BYTECODE:   24: | DropToMarker    M<let>
[2023-01-02 14:57:55] 845   BYTECODE:   25: | AtLine          76
[2023-01-02 14:57:55] 846   BYTECODE:   26: | PushScope       
[2023-01-02 14:57:55] 847   BYTECODE:   27: | | CreateAndStore  [p 2]
[2023-01-02 14:57:55] 848   BYTECODE:   28: | | Push            M<let>
[2023-01-02 14:57:55] 849   BYTECODE:   29: | | Load            "p"
[2023-01-02 14:57:55] 850   BYTECODE:   30: | | Load            "size"
[2023-01-02 14:57:55] 851   BYTECODE:   31: | | LT              
[2023-01-02 14:57:55] 852   BYTECODE:   32: | | BranchFalse     @137
[2023-01-02 14:57:55] 853   BYTECODE:   33: | | PushScope       
[2023-01-02 14:57:55] 854   BYTECODE:   34: | | | AtLine          78
[2023-01-02 14:57:55] 855   BYTECODE:   35: | | | PushScope       
[2023-01-02 14:57:55] 856   BYTECODE:   36: | | | | Push            M<let>
[2023-01-02 14:57:55] 857   BYTECODE:   37: | | | | Load            "p"
[2023-01-02 14:57:55] 858   BYTECODE:   38: | | | | CreateAndStore  "n"
[2023-01-02 14:57:55] 859   BYTECODE:   39: | | | | DropToMarker    M<let>
[2023-01-02 14:57:55] 860   BYTECODE:   40: | | | | Push            M<let>
[2023-01-02 14:57:55] 861   BYTECODE:   41: | | | | Load            "n"
[2023-01-02 14:57:55] 862   BYTECODE:   42: | | | | Load            "size"
[2023-01-02 14:57:55] 863   BYTECODE:   43: | | | | LT              
[2023-01-02 14:57:55] 864   BYTECODE:   44: | | | | BranchFalse     @60
[2023-01-02 14:57:55] 865   BYTECODE:   45: | | | | PushScope       
[2023-01-02 14:57:55] 866   BYTECODE:   46: | | | | | AtLine          79
[2023-01-02 14:57:55] 867   BYTECODE:   47: | | | | | Push            M<let>
[2023-01-02 14:57:55] 868   BYTECODE:   48: | | | | | Push            true
[2023-01-02 14:57:55] 869   BYTECODE:   49: | | | | | Load            "t"
[2023-01-02 14:57:55] 870   BYTECODE:   50: | | | | | Load            "n"
[2023-01-02 14:57:55] 871   BYTECODE:   51: | | | | | StoreIndex      
[2023-01-02 14:57:55] 872   BYTECODE:   52: | | | | | DropToMarker    M<let>
[2023-01-02 14:57:55] 873   BYTECODE:   53: | | | | PopScope        
[2023-01-02 14:57:55] 874   BYTECODE:   54: | | | | Load            "n"
[2023-01-02 14:57:55] 875   BYTECODE:   55: | | | | Load            "p"
[2023-01-02 14:57:55] 876   BYTECODE:   56: | | | | Add             
[2023-01-02 14:57:55] 877   BYTECODE:   57: | | | | Store           "n"
[2023-01-02 14:57:55] 878   BYTECODE:   58: | | | | DropToMarker    M<let>
[2023-01-02 14:57:55] 879   BYTECODE:   59: | | | | Branch          @41
[2023-01-02 14:57:55] 880   BYTECODE:   60: | | | PopScope        
[2023-01-02 14:57:55] 881   BYTECODE:   61: | | | DropToMarker    
[2023-01-02 14:57:55] 882   BYTECODE:   62: | | | AtLine          81
[2023-01-02 14:57:55] 883   BYTECODE:   63: | | | CreateAndStore  [next 0]
[2023-01-02 14:57:55] 884   BYTECODE:   64: | | | AtLine          82
[2023-01-02 14:57:55] 885   BYTECODE:   65: | | | PushScope       
[2023-01-02 14:57:55] 886   BYTECODE:   66: | | | | Push            M<let>
[2023-01-02 14:57:55] 887   BYTECODE:   67: | | | | Load            "p"
[2023-01-02 14:57:55] 888   BYTECODE:   68: | | | | Push            1
[2023-01-02 14:57:55] 889   BYTECODE:   69: | | | | Add             
[2023-01-02 14:57:55] 890   BYTECODE:   70: | | | | CreateAndStore  "n"
[2023-01-02 14:57:55] 891   BYTECODE:   71: | | | | DropToMarker    M<let>
[2023-01-02 14:57:55] 892   BYTECODE:   72: | | | | Push            M<let>
[2023-01-02 14:57:55] 893   BYTECODE:   73: | | | | Load            "n"
[2023-01-02 14:57:55] 894   BYTECODE:   74: | | | | Load            "size"
[2023-01-02 14:57:55] 895   BYTECODE:   75: | | | | LT              
[2023-01-02 14:57:55] 896   BYTECODE:   76: | | | | BranchFalse     @102
[2023-01-02 14:57:55] 897   BYTECODE:   77: | | | | PushScope       
[2023-01-02 14:57:55] 898   BYTECODE:   78: | | | | | AtLine          83
[2023-01-02 14:57:55] 899   BYTECODE:   79: | | | | | Push            T(*bool)
[2023-01-02 14:57:55] 900   BYTECODE:   80: | | | | | Load            "t"
[2023-01-02 14:57:55] 901   BYTECODE:   81: | | | | | Load            "n"
[2023-01-02 14:57:55] 902   BYTECODE:   82: | | | | | LoadIndex       
[2023-01-02 14:57:55] 903   BYTECODE:   83: | | | | | Negate          true
[2023-01-02 14:57:55] 904   BYTECODE:   84: | | | | | Call            1
[2023-01-02 14:57:55] 905   BYTECODE:   85: | | | | | BranchFalse     @95
[2023-01-02 14:57:55] 906   BYTECODE:   86: | | | | | PushScope       
[2023-01-02 14:57:55] 907   BYTECODE:   87: | | | | | | AtLine          84
[2023-01-02 14:57:55] 908   BYTECODE:   88: | | | | | | Push            M<let>
[2023-01-02 14:57:55] 909   BYTECODE:   89: | | | | | | Load            "n"
[2023-01-02 14:57:55] 910   BYTECODE:   90: | | | | | | Store           "next"
[2023-01-02 14:57:55] 911   BYTECODE:   91: | | | | | | DropToMarker    M<let>
[2023-01-02 14:57:55] 912   BYTECODE:   92: | | | | | | AtLine          85
[2023-01-02 14:57:55] 913   BYTECODE:   93: | | | | | | Branch          @102
[2023-01-02 14:57:55] 914   BYTECODE:   94: | | | | | PopScope        
[2023-01-02 14:57:55] 915   BYTECODE:   95: | | | | PopScope        
[2023-01-02 14:57:55] 916   BYTECODE:   96: | | | | Load            "n"
[2023-01-02 14:57:55] 917   BYTECODE:   97: | | | | Push            1
[2023-01-02 14:57:55] 918   BYTECODE:   98: | | | | Add             
[2023-01-02 14:57:55] 919   BYTECODE:   99: | | | | Store           "n"
[2023-01-02 14:57:55] 920   BYTECODE:  100: | | | | DropToMarker    M<let>
[2023-01-02 14:57:55] 921   BYTECODE:  101: | | | | Branch          @73
[2023-01-02 14:57:55] 922   BYTECODE:  102: | | | PopScope        
[2023-01-02 14:57:55] 923   BYTECODE:  103: | | | DropToMarker    
[2023-01-02 14:57:55] 924   BYTECODE:  104: | | | AtLine          88
[2023-01-02 14:57:55] 925   BYTECODE:  105: | | | Push            T(*bool)
[2023-01-02 14:57:55] 926   BYTECODE:  106: | | | Load            "next"
[2023-01-02 14:57:55] 927   BYTECODE:  107: | | | Push            0
[2023-01-02 14:57:55] 928   BYTECODE:  108: | | | Equal           
[2023-01-02 14:57:55] 929   BYTECODE:  109: | | | Call            1
[2023-01-02 14:57:55] 930   BYTECODE:  110: | | | BranchFalse     @115
[2023-01-02 14:57:55] 931   BYTECODE:  111: | | | PushScope       
[2023-01-02 14:57:55] 932   BYTECODE:  112: | | | | AtLine          89
[2023-01-02 14:57:55] 933   BYTECODE:  113: | | | | Branch          @137
[2023-01-02 14:57:55] 934   BYTECODE:  114: | | | PopScope        
[2023-01-02 14:57:55] 935   BYTECODE:  115: | | | AtLine          91
[2023-01-02 14:57:55] 936   BYTECODE:  116: | | | Push            M<let>
[2023-01-02 14:57:55] 937   BYTECODE:  117: | | | Load            "append"
[2023-01-02 14:57:55] 938   BYTECODE:  118: | | | Load            "r"
[2023-01-02 14:57:55] 939   BYTECODE:  119: | | | Load            "next"
[2023-01-02 14:57:55] 940   BYTECODE:  120: | | | Call            2
[2023-01-02 14:57:55] 941   BYTECODE:  121: | | | Store           "r"
[2023-01-02 14:57:55] 942   BYTECODE:  122: | | | DropToMarker    M<let>
[2023-01-02 14:57:55] 943   BYTECODE:  123: | | | AtLine          92
[2023-01-02 14:57:55] 944   BYTECODE:  124: | | | Push            M<let>
[2023-01-02 14:57:55] 945   BYTECODE:  125: | | | Load            "next"
[2023-01-02 14:57:55] 946   BYTECODE:  126: | | | Push            1
[2023-01-02 14:57:55] 947   BYTECODE:  127: | | | Sub             
[2023-01-02 14:57:55] 948   BYTECODE:  128: | | | Store           "p"
[2023-01-02 14:57:55] 949   BYTECODE:  129: | | | DropToMarker    M<let>
[2023-01-02 14:57:55] 950   BYTECODE:  130: | | PopScope        
[2023-01-02 14:57:55] 951   BYTECODE:  131: | | Load            "p"
[2023-01-02 14:57:55] 952   BYTECODE:  132: | | Push            1
[2023-01-02 14:57:55] 953   BYTECODE:  133: | | Add             
[2023-01-02 14:57:55] 954   BYTECODE:  134: | | Store           "p"
[2023-01-02 14:57:55] 955   BYTECODE:  135: | | DropToMarker    M<let>
[2023-01-02 14:57:55] 956   BYTECODE:  136: | | Branch          @29
[2023-01-02 14:57:55] 957   BYTECODE:  137: | PopScope        
[2023-01-02 14:57:55] 958   BYTECODE:  138: | DropToMarker    
[2023-01-02 14:57:55] 959   BYTECODE:  139: | AtLine          96
[2023-01-02 14:57:55] 960   BYTECODE:  140: | Load            "r"
[2023-01-02 14:57:55] 961   BYTECODE:  141: | Coerce          T(*[]int)
[2023-01-02 14:57:55] 962   BYTECODE:  142: | Return          true
[2023-01-02 14:57:55] 963   BYTECODE:  143: PopScope        2
[2023-01-02 14:57:55] 964   BYTECODE:  144: Return          
[2023-01-02 14:57:55] 965   BYTECODE: *** Disassembled 145 instructions
[2023-01-02 14:57:55] 966   BYTECODE: *** Disassembly import math
[2023-01-02 14:57:55] 967   BYTECODE:    0: AtLine          1
[2023-01-02 14:57:55] 968   BYTECODE:    1: PushPackage     "math"
[2023-01-02 14:57:55] 969   BYTECODE:    2: AtLine          3
[2023-01-02 14:57:55] 970   BYTECODE:    3: Push            2.718281828459045
[2023-01-02 14:57:55] 971   BYTECODE:    4: Constant        "E"
[2023-01-02 14:57:55] 972   BYTECODE:    5: Push            3.141592653589793
[2023-01-02 14:57:55] 973   BYTECODE:    6: Constant        "Pi"
[2023-01-02 14:57:55] 974   BYTECODE:    7: Push            1.618033988749895
[2023-01-02 14:57:55] 975   BYTECODE:    8: Constant        "Phi"
[2023-01-02 14:57:55] 976   BYTECODE:    9: Push            1.4142135623730951
[2023-01-02 14:57:55] 977   BYTECODE:   10: Constant        "Sqrt2"
[2023-01-02 14:57:55] 978   BYTECODE:   11: Push            1.6487212707001282
[2023-01-02 14:57:55] 979   BYTECODE:   12: Constant        "SqrtE"
[2023-01-02 14:57:55] 980   BYTECODE:   13: Push            1.772453850905516
[2023-01-02 14:57:55] 981   BYTECODE:   14: Constant        "SqrtPi"
[2023-01-02 14:57:55] 982   BYTECODE:   15: Push            1.272019649514069
[2023-01-02 14:57:55] 983   BYTECODE:   16: Constant        "SqrtPhi"
[2023-01-02 14:57:55] 984   BYTECODE:   17: Push            0.6931471805599453
[2023-01-02 14:57:55] 985   BYTECODE:   18: Constant        "Ln2"
[2023-01-02 14:57:55] 986   BYTECODE:   19: Push            1
[2023-01-02 14:57:55] 987   BYTECODE:   20: Load            "Ln2"
[2023-01-02 14:57:55] 988   BYTECODE:   21: Div             
[2023-01-02 14:57:55] 989   BYTECODE:   22: Constant        "Log2E"
[2023-01-02 14:57:55] 990   BYTECODE:   23: Push            2.302585092994046
[2023-01-02 14:57:55] 991   BYTECODE:   24: Constant        "Ln10"
[2023-01-02 14:57:55] 992   BYTECODE:   25: Push            1
[2023-01-02 14:57:55] 993   BYTECODE:   26: Load            "Ln10"
[2023-01-02 14:57:55] 994   BYTECODE:   27: Div             
[2023-01-02 14:57:55] 995   BYTECODE:   28: Constant        "Log10E"
[2023-01-02 14:57:55] 996   BYTECODE:   29: AtLine          19
[2023-01-02 14:57:55] 997   BYTECODE:   30: Push            ""
[2023-01-02 14:57:55] 998   BYTECODE:   31: SymbolCreate    "Dummy"
[2023-01-02 14:57:55] 999   BYTECODE:   32: Store           "Dummy"
[2023-01-02 14:57:55] 1000  BYTECODE:   33: AtLine          20
[2023-01-02 14:57:55] 1001  BYTECODE:   34: PushPackage     "math"
[2023-01-02 14:57:55] 1002  BYTECODE:   35: Push            Factor(n int) []int
[2023-01-02 14:57:55] 1003  BYTECODE:   36: StoreAlways     "Factor"
[2023-01-02 14:57:55] 1004  BYTECODE:   37: AtLine          68
[2023-01-02 14:57:55] 1005  BYTECODE:   38: PushPackage     "math"
[2023-01-02 14:57:55] 1006  BYTECODE:   39: Push            Primes(size int) []int
[2023-01-02 14:57:55] 1007  BYTECODE:   40: StoreAlways     "Primes"
[2023-01-02 14:57:55] 1008  BYTECODE:   41: PopPackage      "math"
[2023-01-02 14:57:55] 1009  BYTECODE: *** Disassembled 42 instructions
[2023-01-02 14:57:55] 1010  BYTECODE: *** Disassembly Camel
[2023-01-02 14:57:55] 1011  BYTECODE:    0: ArgCheck        [1 1 Identifier(Camel)]
[2023-01-02 14:57:55] 1012  BYTECODE:    1: Load            "__args"
[2023-01-02 14:57:55] 1013  BYTECODE:    2: LoadIndex       0
[2023-01-02 14:57:55] 1014  BYTECODE:    3: RequiredType    T(*string)
[2023-01-02 14:57:55] 1015  BYTECODE:    4: StoreAlways     "s"
[2023-01-02 14:57:55] 1016  BYTECODE:    5: Import          "strings"
[2023-01-02 14:57:55] 1017  BYTECODE:    6: PushScope       
[2023-01-02 14:57:55] 1018  BYTECODE:    7: | AtLine          4
[2023-01-02 14:57:55] 1019  BYTECODE:    8: | Push            T(*bool)
[2023-01-02 14:57:55] 1020  BYTECODE:    9: | Load            "len"
[2023-01-02 14:57:55] 1021  BYTECODE:   10: | Load            "s"
[2023-01-02 14:57:55] 1022  BYTECODE:   11: | Call            1
[2023-01-02 14:57:55] 1023  BYTECODE:   12: | Push            0
[2023-01-02 14:57:55] 1024  BYTECODE:   13: | Equal           
[2023-01-02 14:57:55] 1025  BYTECODE:   14: | Call            1
[2023-01-02 14:57:55] 1026  BYTECODE:   15: | BranchFalse     @22
[2023-01-02 14:57:55] 1027  BYTECODE:   16: | PushScope       
[2023-01-02 14:57:55] 1028  BYTECODE:   17: | | AtLine          5
[2023-01-02 14:57:55] 1029  BYTECODE:   18: | | Push            ""
[2023-01-02 14:57:55] 1030  BYTECODE:   19: | | Coerce          T(*string)
[2023-01-02 14:57:55] 1031  BYTECODE:   20: | | Return          true
[2023-01-02 14:57:55] 1032  BYTECODE:   21: | PopScope        
[2023-01-02 14:57:55] 1033  BYTECODE:   22: | AtLine          8
[2023-01-02 14:57:55] 1034  BYTECODE:   23: | Push            T(*bool)
[2023-01-02 14:57:55] 1035  BYTECODE:   24: | Load            "len"
[2023-01-02 14:57:55] 1036  BYTECODE:   25: | Load            "s"
[2023-01-02 14:57:55] 1037  BYTECODE:   26: | Call            1
[2023-01-02 14:57:55] 1038  BYTECODE:   27: | Push            1
[2023-01-02 14:57:55] 1039  BYTECODE:   28: | Equal           
[2023-01-02 14:57:55] 1040  BYTECODE:   29: | Call            1
[2023-01-02 14:57:55] 1041  BYTECODE:   30: | BranchFalse     @41
[2023-01-02 14:57:55] 1042  BYTECODE:   31: | PushScope       
[2023-01-02 14:57:55] 1043  BYTECODE:   32: | | AtLine          9
[2023-01-02 14:57:55] 1044  BYTECODE:   33: | | Load            "strings"
[2023-01-02 14:57:55] 1045  BYTECODE:   34: | | SetThis         
[2023-01-02 14:57:55] 1046  BYTECODE:   35: | | Member          "ToUpper"
[2023-01-02 14:57:55] 1047  BYTECODE:   36: | | Load            "s"
[2023-01-02 14:57:55] 1048  BYTECODE:   37: | | Call            1
[2023-01-02 14:57:55] 1049  BYTECODE:   38: | | Coerce          T(*string)
[2023-01-02 14:57:55] 1050  BYTECODE:   39: | | Return          true
[2023-01-02 14:57:55] 1051  BYTECODE:   40: | PopScope        
[2023-01-02 14:57:55] 1052  BYTECODE:   41: | AtLine          12
[2023-01-02 14:57:55] 1053  BYTECODE:   42: | Push            M<let>
[2023-01-02 14:57:55] 1054  BYTECODE:   43: | Load            "strings"
[2023-01-02 14:57:55] 1055  BYTECODE:   44: | SetThis         
[2023-01-02 14:57:55] 1056  BYTECODE:   45: | Member          "ToUpper"
[2023-01-02 14:57:55] 1057  BYTECODE:   46: | Load            "strings"
[2023-01-02 14:57:55] 1058  BYTECODE:   47: | SetThis         
[2023-01-02 14:57:55] 1059  BYTECODE:   48: | Member          "Left"
[2023-01-02 14:57:55] 1060  BYTECODE:   49: | Load            "s"
[2023-01-02 14:57:55] 1061  BYTECODE:   50: | Push            1
[2023-01-02 14:57:55] 1062  BYTECODE:   51: | Call            2
[2023-01-02 14:57:55] 1063  BYTECODE:   52: | Call            1
[2023-01-02 14:57:55] 1064  BYTECODE:   53: | CreateAndStore  "left"
[2023-01-02 14:57:55] 1065  BYTECODE:   54: | DropToMarker    M<let>
[2023-01-02 14:57:55] 1066  BYTECODE:   55: | AtLine          13
[2023-01-02 14:57:55] 1067  BYTECODE:   56: | Push            M<let>
[2023-01-02 14:57:55] 1068  BYTECODE:   57: | Load            "strings"
[2023-01-02 14:57:55] 1069  BYTECODE:   58: | SetThis         
[2023-01-02 14:57:55] 1070  BYTECODE:   59: | Member          "ToLower"
[2023-01-02 14:57:55] 1071  BYTECODE:   60: | Load            "strings"
[2023-01-02 14:57:55] 1072  BYTECODE:   61: | SetThis         
[2023-01-02 14:57:55] 1073  BYTECODE:   62: | Member          "Right"
[2023-01-02 14:57:55] 1074  BYTECODE:   63: | Load            "s"
[2023-01-02 14:57:55] 1075  BYTECODE:   64: | Load            "len"
[2023-01-02 14:57:55] 1076  BYTECODE:   65: | Load            "s"
[2023-01-02 14:57:55] 1077  BYTECODE:   66: | Call            1
[2023-01-02 14:57:55] 1078  BYTECODE:   67: | Push            1
[2023-01-02 14:57:55] 1079  BYTECODE:   68: | Sub             
[2023-01-02 14:57:55] 1080  BYTECODE:   69: | Call            2
[2023-01-02 14:57:55] 1081  BYTECODE:   70: | Call            1
[2023-01-02 14:57:55] 1082  BYTECODE:   71: | CreateAndStore  "right"
[2023-01-02 14:57:55] 1083  BYTECODE:   72: | DropToMarker    M<let>
[2023-01-02 14:57:55] 1084  BYTECODE:   73: | AtLine          15
[2023-01-02 14:57:55] 1085  BYTECODE:   74: | Load            "left"
[2023-01-02 14:57:55] 1086  BYTECODE:   75: | Load            "right"
[2023-01-02 14:57:55] 1087  BYTECODE:   76: | Add             
[2023-01-02 14:57:55] 1088  BYTECODE:   77: | Coerce          T(*string)
[2023-01-02 14:57:55] 1089  BYTECODE:   78: | Return          true
[2023-01-02 14:57:55] 1090  BYTECODE:   79: PopScope        2
[2023-01-02 14:57:55] 1091  BYTECODE:   80: Return          
[2023-01-02 14:57:55] 1092  BYTECODE: *** Disassembled 81 instructions
[2023-01-02 14:57:55] 1093  BYTECODE: *** Disassembly import strings
[2023-01-02 14:57:55] 1094  BYTECODE:    0: AtLine          1
[2023-01-02 14:57:55] 1095  BYTECODE:    1: PushPackage     "strings"
[2023-01-02 14:57:55] 1096  BYTECODE:    2: Push            Camel(s string) string
[2023-01-02 14:57:55] 1097  BYTECODE:    3: StoreAlways     "Camel"
[2023-01-02 14:57:55] 1098  BYTECODE:    4: PopPackage      "strings"
[2023-01-02 14:57:55] 1099  BYTECODE: *** Disassembled 5 instructions
[2023-01-02 14:57:55] 1100  BYTECODE: *** Disassembly import time
[2023-01-02 14:57:55] 1101  BYTECODE:    0: AtLine          1
[2023-01-02 14:57:55] 1102  BYTECODE:    1: PushPackage     "time"
[2023-01-02 14:57:55] 1103  BYTECODE:    2: AtLine          3
[2023-01-02 14:57:55] 1104  BYTECODE:    3: Push            1
[2023-01-02 14:57:55] 1105  BYTECODE:    4: Constant        "Nanosecond"
[2023-01-02 14:57:55] 1106  BYTECODE:    5: Push            1000
[2023-01-02 14:57:55] 1107  BYTECODE:    6: Load            "Nanosecond"
[2023-01-02 14:57:55] 1108  BYTECODE:    7: Mul             
[2023-01-02 14:57:55] 1109  BYTECODE:    8: Constant        "Microsecond"
[2023-01-02 14:57:55] 1110  BYTECODE:    9: Push            1000
[2023-01-02 14:57:55] 1111  BYTECODE:   10: Load            "Microsecond"
[2023-01-02 14:57:55] 1112  BYTECODE:   11: Mul             
[2023-01-02 14:57:55] 1113  BYTECODE:   12: Constant        "Millisecond"
[2023-01-02 14:57:55] 1114  BYTECODE:   13: Push            1000
[2023-01-02 14:57:55] 1115  BYTECODE:   14: Load            "Millisecond"
[2023-01-02 14:57:55] 1116  BYTECODE:   15: Mul             
[2023-01-02 14:57:55] 1117  BYTECODE:   16: Constant        "Second"
[2023-01-02 14:57:55] 1118  BYTECODE:   17: Push            60
[2023-01-02 14:57:55] 1119  BYTECODE:   18: Load            "Second"
[2023-01-02 14:57:55] 1120  BYTECODE:   19: Mul             
[2023-01-02 14:57:55] 1121  BYTECODE:   20: Constant        "Minute"
[2023-01-02 14:57:55] 1122  BYTECODE:   21: Push            60
[2023-01-02 14:57:55] 1123  BYTECODE:   22: Load            "Minute"
[2023-01-02 14:57:55] 1124  BYTECODE:   23: Mul             
[2023-01-02 14:57:55] 1125  BYTECODE:   24: Constant        "Hour"
[2023-01-02 14:57:55] 1126  BYTECODE:   25: Push            "Mon Jan _2 15:04:05 2006"
[2023-01-02 14:57:55] 1127  BYTECODE:   26: Constant        "ANSIC"
[2023-01-02 14:57:55] 1128  BYTECODE:   27: Push            "Mon Jan _2 15:04:05 MST 2006"
[2023-01-02 14:57:55] 1129  BYTECODE:   28: Constant        "UnixDate"
[2023-01-02 14:57:55] 1130  BYTECODE:   29: Push            "Mon Jan 02 15:04:05 -0700 2006"
[2023-01-02 14:57:55] 1131  BYTECODE:   30: Constant        "RubyDate"
[2023-01-02 14:57:55] 1132  BYTECODE:   31: Push            "02 Jan 06 15:04 MST"
[2023-01-02 14:57:55] 1133  BYTECODE:   32: Constant        "RFC822"
[2023-01-02 14:57:55] 1134  BYTECODE:   33: Push            "02 Jan 06 15:04 -0700"
[2023-01-02 14:57:55] 1135  BYTECODE:   34: Constant        "RFC822Z"
[2023-01-02 14:57:55] 1136  BYTECODE:   35: Push            "Monday, 02-Jan-06 15:04:05 MST"
[2023-01-02 14:57:55] 1137  BYTECODE:   36: Constant        "RFC850"
[2023-01-02 14:57:55] 1138  BYTECODE:   37: Push            "Mon, 02 Jan 2006 15:04:05 MST"
[2023-01-02 14:57:55] 1139  BYTECODE:   38: Constant        "RFC1123"
[2023-01-02 14:57:55] 1140  BYTECODE:   39: Push            "Mon, 02 Jan 2006 15:04:05 -0700"
[2023-01-02 14:57:55] 1141  BYTECODE:   40: Constant        "RFC1123Z"
[2023-01-02 14:57:55] 1142  BYTECODE:   41: Push            "2006-01-02T15:04:05Z07:00"
[2023-01-02 14:57:55] 1143  BYTECODE:   42: Constant        "RFC3339"
[2023-01-02 14:57:55] 1144  BYTECODE:   43: Push            "2006-01-02T15:04:05.999999999Z07:00"
[2023-01-02 14:57:55] 1145  BYTECODE:   44: Constant        "RFC3339Nano"
[2023-01-02 14:57:55] 1146  BYTECODE:   45: Push            "3:04PM"
[2023-01-02 14:57:55] 1147  BYTECODE:   46: Constant        "Kitchen"
[2023-01-02 14:57:55] 1148  BYTECODE:   47: Push            "Jan _2 15:04:05"
[2023-01-02 14:57:55] 1149  BYTECODE:   48: Constant        "Stamp"
[2023-01-02 14:57:55] 1150  BYTECODE:   49: Push            "Jan _2 15:04:05.000"
[2023-01-02 14:57:55] 1151  BYTECODE:   50: Constant        "StampMilli"
[2023-01-02 14:57:55] 1152  BYTECODE:   51: Push            "Jan _2 15:04:05.000000"
[2023-01-02 14:57:55] 1153  BYTECODE:   52: Constant        "StampMicro"
[2023-01-02 14:57:55] 1154  BYTECODE:   53: Push            "Jan _2 15:04:05.000000000"
[2023-01-02 14:57:55] 1155  BYTECODE:   54: Constant        "StampNano"
[2023-01-02 14:57:55] 1156  BYTECODE:   55: PopPackage      "time"
[2023-01-02 14:57:55] 1157  BYTECODE: *** Disassembled 56 instructions
[2023-01-02 14:57:55] 1158  BYTECODE: *** Disassembly DumpPackages
[2023-01-02 14:57:55] 1159  BYTECODE:    0: ArgCheck        [0 0 Identifier(DumpPackages)]
[2023-01-02 14:57:55] 1160  BYTECODE:    1: Import          "util"
[2023-01-02 14:57:55] 1161  BYTECODE:    2: PushScope       
[2023-01-02 14:57:55] 1162  BYTECODE:    3: | AtLine          6
[2023-01-02 14:57:55] 1163  BYTECODE:    4: | Push            M<let>
[2023-01-02 14:57:55] 1164  BYTECODE:    5: | Load            "util"
[2023-01-02 14:57:55] 1165  BYTECODE:    6: | SetThis         
[2023-01-02 14:57:55] 1166  BYTECODE:    7: | Member          "Packages"
[2023-01-02 14:57:55] 1167  BYTECODE:    8: | Call            0
[2023-01-02 14:57:55] 1168  BYTECODE:    9: | CreateAndStore  "packages"
[2023-01-02 14:57:55] 1169  BYTECODE:   10: | DropToMarker    M<let>
[2023-01-02 14:57:55] 1170  BYTECODE:   11: | AtLine          7
[2023-01-02 14:57:55] 1171  BYTECODE:   12: | Push            M<let>
[2023-01-02 14:57:55] 1172  BYTECODE:   13: | Load            "tables"
[2023-01-02 14:57:55] 1173  BYTECODE:   14: | SetThis         
[2023-01-02 14:57:55] 1174  BYTECODE:   15: | Member          "New"
[2023-01-02 14:57:55] 1175  BYTECODE:   16: | Push            "Package"
[2023-01-02 14:57:55] 1176  BYTECODE:   17: | Push            "Member"
[2023-01-02 14:57:55] 1177  BYTECODE:   18: | Call            2
[2023-01-02 14:57:55] 1178  BYTECODE:   19: | CreateAndStore  "t"
[2023-01-02 14:57:55] 1179  BYTECODE:   20: | DropToMarker    M<let>
[2023-01-02 14:57:55] 1180  BYTECODE:   21: | AtLine          9
[2023-01-02 14:57:55] 1181  BYTECODE:   22: | Push            M<call>
[2023-01-02 14:57:55] 1182  BYTECODE:   23: | Load            "t"
[2023-01-02 14:57:55] 1183  BYTECODE:   24: | SetThis         
[2023-01-02 14:57:55] 1184  BYTECODE:   25: | Member          "Pagination"
[2023-01-02 14:57:55] 1185  BYTECODE:   26: | Push            0
[2023-01-02 14:57:55] 1186  BYTECODE:   27: | Push            0
[2023-01-02 14:57:55] 1187  BYTECODE:   28: | Call            2
[2023-01-02 14:57:55] 1188  BYTECODE:   29: | DropToMarker    M<call>
[2023-01-02 14:57:55] 1189  BYTECODE:   30: | AtLine          11
[2023-01-02 14:57:55] 1190  BYTECODE:   31: | PushScope       
[2023-01-02 14:57:55] 1191  BYTECODE:   32: | | Push            M<let>
[2023-01-02 14:57:55] 1192  BYTECODE:   33: | | Load            "packages"
[2023-01-02 14:57:55] 1193  BYTECODE:   34: | | RangeInit       [_ v]
[2023-01-02 14:57:55] 1194  BYTECODE:   35: | | RangeNext       @90
[2023-01-02 14:57:55] 1195  BYTECODE:   36: | | PushScope       
[2023-01-02 14:57:55] 1196  BYTECODE:   37: | | | AtLine          12
[2023-01-02 14:57:55] 1197  BYTECODE:   38: | | | Push            M<let>
[2023-01-02 14:57:55] 1198  BYTECODE:   39: | | | Load            "v"
[2023-01-02 14:57:55] 1199  BYTECODE:   40: | | | CreateAndStore  "p"
[2023-01-02 14:57:55] 1200  BYTECODE:   41: | | | DropToMarker    M<let>
[2023-01-02 14:57:55] 1201  BYTECODE:   42: | | | AtLine          13
[2023-01-02 14:57:55] 1202  BYTECODE:   43: | | | Push            M<let>
[2023-01-02 14:57:55] 1203  BYTECODE:   44: | | | Load            "members"
[2023-01-02 14:57:55] 1204  BYTECODE:   45: | | | Load            "util"
[2023-01-02 14:57:55] 1205  BYTECODE:   46: | | | SetThis         
[2023-01-02 14:57:55] 1206  BYTECODE:   47: | | | Member          "Eval"
[2023-01-02 14:57:55] 1207  BYTECODE:   48: | | | Load            "v"
[2023-01-02 14:57:55] 1208  BYTECODE:   49: | | | Call            1
[2023-01-02 14:57:55] 1209  BYTECODE:   50: | | | Call            1
[2023-01-02 14:57:55] 1210  BYTECODE:   51: | | | CreateAndStore  "m"
[2023-01-02 14:57:55] 1211  BYTECODE:   52: | | | DropToMarker    M<let>
[2023-01-02 14:57:55] 1212  BYTECODE:   53: | | | AtLine          15
[2023-01-02 14:57:55] 1213  BYTECODE:   54: | | | PushScope       
[2023-01-02 14:57:55] 1214  BYTECODE:   55: | | | | Push            M<let>
[2023-01-02 14:57:55] 1215  BYTECODE:   56: | | | | Load            "m"
[2023-01-02 14:57:55] 1216  BYTECODE:   57: | | | | RangeInit       [_ n]
[2023-01-02 14:57:55] 1217  BYTECODE:   58: | | | | RangeNext       @76
[2023-01-02 14:57:55] 1218  BYTECODE:   59: | | | | PushScope       
[2023-01-02 14:57:55] 1219  BYTECODE:   60: | | | | | AtLine          16
[2023-01-02 14:57:55] 1220  BYTECODE:   61: | | | | | Push            M<call>
[2023-01-02 14:57:55] 1221  BYTECODE:   62: | | | | | Load            "t"
[2023-01-02 14:57:55] 1222  BYTECODE:   63: | | | | | SetThis         
[2023-01-02 14:57:55] 1223  BYTECODE:   64: | | | | | Member          "AddRow"
[2023-01-02 14:57:55] 1224  BYTECODE:   65: | | | | | Load            "p"
[2023-01-02 14:57:55] 1225  BYTECODE:   66: | | | | | Load            "n"
[2023-01-02 14:57:55] 1226  BYTECODE:   67: | | | | | Call            2
[2023-01-02 14:57:55] 1227  BYTECODE:   68: | | | | | DropToMarker    M<call>
[2023-01-02 14:57:55] 1228  BYTECODE:   69: | | | | | AtLine          17
[2023-01-02 14:57:55] 1229  BYTECODE:   70: | | | | | Push            M<let>
[2023-01-02 14:57:55] 1230  BYTECODE:   71: | | | | | Push            ""
[2023-01-02 14:57:55] 1231  BYTECODE:   72: | | | | | Store           "p"
[2023-01-02 14:57:55] 1232  BYTECODE:   73: | | | | | DropToMarker    M<let>
[2023-01-02 14:57:55] 1233  BYTECODE:   74: | | | | PopScope        
[2023-01-02 14:57:55] 1234  BYTECODE:   75: | | | | Branch          @58
[2023-01-02 14:57:55] 1235  BYTECODE:   76: | | | | SymbolDelete    "n"
[2023-01-02 14:57:55] 1236  BYTECODE:   77: | | | PopScope        
[2023-01-02 14:57:55] 1237  BYTECODE:   78: | | | DropToMarker    
[2023-01-02 14:57:55] 1238  BYTECODE:   79: | | | AtLine          20
[2023-01-02 14:57:55] 1239  BYTECODE:   80: | | | Push            M<call>
[2023-01-02 14:57:55] 1240  BYTECODE:   81: | | | Load            "t"
[2023-01-02 14:57:55] 1241  BYTECODE:   82: | | | SetThis         
[2023-01-02 14:57:55] 1242  BYTECODE:   83: | | | Member          "AddRow"
[2023-01-02 14:57:55] 1243  BYTECODE:   84: | | | Push            ""
[2023-01-02 14:57:55] 1244  BYTECODE:   85: | | | Push            ""
[2023-01-02 14:57:55] 1245  BYTECODE:   86: | | | Call            2
[2023-01-02 14:57:55] 1246  BYTECODE:   87: | | | DropToMarker    M<call>
[2023-01-02 14:57:55] 1247  BYTECODE:   88: | | PopScope        
[2023-01-02 14:57:55] 1248  BYTECODE:   89: | | Branch          @35
[2023-01-02 14:57:55] 1249  BYTECODE:   90: | | SymbolDelete    "v"
[2023-01-02 14:57:55] 1250  BYTECODE:   91: | PopScope        
[2023-01-02 14:57:55] 1251  BYTECODE:   92: | DropToMarker    
[2023-01-02 14:57:55] 1252  BYTECODE:   93: | AtLine          23
[2023-01-02 14:57:55] 1253  BYTECODE:   94: | Push            M<call>
[2023-01-02 14:57:55] 1254  BYTECODE:   95: | Load            "t"
[2023-01-02 14:57:55] 1255  BYTECODE:   96: | SetThis         
[2023-01-02 14:57:55] 1256  BYTECODE:   97: | Member          "Print"
[2023-01-02 14:57:55] 1257  BYTECODE:   98: | Call            0
[2023-01-02 14:57:55] 1258  BYTECODE:   99: | DropToMarker    M<call>
[2023-01-02 14:57:55] 1259  BYTECODE:  100: PopScope        2
[2023-01-02 14:57:55] 1260  BYTECODE:  101: Return          
[2023-01-02 14:57:55] 1261  BYTECODE: *** Disassembled 102 instructions
[2023-01-02 14:57:55] 1262  BYTECODE: *** Disassembly import util
[2023-01-02 14:57:55] 1263  BYTECODE:    0: AtLine          3
[2023-01-02 14:57:55] 1264  BYTECODE:    1: PushPackage     "util"
[2023-01-02 14:57:55] 1265  BYTECODE:    2: Push            DumpPackages()
[2023-01-02 14:57:55] 1266  BYTECODE:    3: StoreAlways     "DumpPackages"
[2023-01-02 14:57:55] 1267  BYTECODE:    4: PopPackage      "util"
[2023-01-02 14:57:55] 1268  BYTECODE: *** Disassembled 5 instructions
[2023-01-02 14:57:55] 1269  OPTIMIZER: @@@ Optimizing bytecode main @@@
[2023-01-02 14:57:55] 1270  OPTIMIZER: Optimization found in main: Create and store
[2023-01-02 14:57:55] 1271  OPTIMIZER: Patching, existing code:
[2023-01-02 14:57:55] 1272  BYTECODE:   11: SymbolCreate    "x"
[2023-01-02 14:57:55] 1273  BYTECODE:   12: Store           "x"
[2023-01-02 14:57:55] 1274  OPTIMIZER: Patching, new code:
[2023-01-02 14:57:55] 1275  BYTECODE:   11: CreateAndStore  "x"
[2023-01-02 14:57:55] 1276  OPTIMIZER: Optimization found in main: Unnecessary stack marker for constant store
[2023-01-02 14:57:55] 1277  OPTIMIZER: Patching, existing code:
[2023-01-02 14:57:55] 1278  BYTECODE:    9: Push            M<let>
[2023-01-02 14:57:55] 1279  BYTECODE:   10: Push            "test"
[2023-01-02 14:57:55] 1280  BYTECODE:   11: CreateAndStore  "x"
[2023-01-02 14:57:55] 1281  BYTECODE:   12: DropToMarker    M<let>
[2023-01-02 14:57:55] 1282  OPTIMIZER: Patching, new code:
[2023-01-02 14:57:55] 1283  BYTECODE:    9: Push            "test"
[2023-01-02 14:57:55] 1284  BYTECODE:   10: CreateAndStore  "x"
[2023-01-02 14:57:55] 1285  OPTIMIZER: Optimization found in main: Collapse constant push and createandstore
[2023-01-02 14:57:55] 1286  OPTIMIZER: Patching, existing code:
[2023-01-02 14:57:55] 1287  BYTECODE:    9: Push            "test"
[2023-01-02 14:57:55] 1288  BYTECODE:   10: CreateAndStore  "x"
[2023-01-02 14:57:55] 1289  OPTIMIZER: Patching, new code:
[2023-01-02 14:57:55] 1290  BYTECODE:    9: CreateAndStore  [x test]
[2023-01-02 14:57:55] 1291  OPTIMIZER: Found 3 optimization(s) for net change in size of 4 instructions
[2023-01-02 14:57:55] 1292  OPTIMIZER: 
[2023-01-02 14:57:55] 1293  BYTECODE: *** Disassembly main
[2023-01-02 14:57:55] 1294  BYTECODE:    0: ArgCheck        [0 0 Identifier(main)]
[2023-01-02 14:57:55] 1295  BYTECODE:    1: PushScope       
[2023-01-02 14:57:55] 1296  BYTECODE:    2: | AtLine          3
[2023-01-02 14:57:55] 1297  BYTECODE:    3: | Push            T(*bool)
[2023-01-02 14:57:55] 1298  BYTECODE:    4: | Push            false
[2023-01-02 14:57:55] 1299  BYTECODE:    5: | Call            1
[2023-01-02 14:57:55] 1300  BYTECODE:    6: | BranchFalse     @12
[2023-01-02 14:57:55] 1301  BYTECODE:    7: | PushScope       
[2023-01-02 14:57:55] 1302  BYTECODE:    8: | | AtLine          4
[2023-01-02 14:57:55] 1303  BYTECODE:    9: | | CreateAndStore  [x test]
[2023-01-02 14:57:55] 1304  BYTECODE:   10: | PopScope        
[2023-01-02 14:57:55] 1305  BYTECODE:   11: | Branch          @22
[2023-01-02 14:57:55] 1306  BYTECODE:   12: | PushScope       
[2023-01-02 14:57:55] 1307  BYTECODE:   13: | | AtLine          6
[2023-01-02 14:57:55] 1308  BYTECODE:   14: | | Push            M<call>
[2023-01-02 14:57:55] 1309  BYTECODE:   15: | | Load            "fmt"
[2023-01-02 14:57:55] 1310  BYTECODE:   16: | | SetThis         
[2023-01-02 14:57:55] 1311  BYTECODE:   17: | | Member          "Println"
[2023-01-02 14:57:55] 1312  BYTECODE:   18: | | Push            "Hi"
[2023-01-02 14:57:55] 1313  BYTECODE:   19: | | Call            1
[2023-01-02 14:57:55] 1314  BYTECODE:   20: | | DropToMarker    M<call>
[2023-01-02 14:57:55] 1315  BYTECODE:   21: | PopScope        
[2023-01-02 14:57:55] 1316  BYTECODE:   22: PopScope        
[2023-01-02 14:57:55] 1317  BYTECODE:   23: Return          
[2023-01-02 14:57:55] 1318  BYTECODE: *** Disassembled 24 instructions
[2023-01-02 14:57:55] 1319  OPTIMIZER: @@@ Optimizing bytecode test.ego @@@
[2023-01-02 14:57:55] 1320  OPTIMIZER: Optimization found in test.ego: Constant storeAlways
[2023-01-02 14:57:55] 1321  OPTIMIZER: Patching, existing code:
[2023-01-02 14:57:55] 1322  BYTECODE:    0: Push            main()
[2023-01-02 14:57:55] 1323  BYTECODE:    1: StoreAlways     "main"
[2023-01-02 14:57:55] 1324  OPTIMIZER: Patching, new code:
[2023-01-02 14:57:55] 1325  BYTECODE:    0: StoreAlways     [main 0x140003dc800]
[2023-01-02 14:57:55] 1326  OPTIMIZER: Found 1 optimization(s) for net change in size of 1 instructions
[2023-01-02 14:57:55] 1327  OPTIMIZER: 
[2023-01-02 14:57:55] 1328  BYTECODE: *** Disassembly test.ego
[2023-01-02 14:57:55] 1329  BYTECODE:    0: StoreAlways     [main 0x140003dc800]
[2023-01-02 14:57:55] 1330  BYTECODE:    1: AtLine          10
[2023-01-02 14:57:55] 1331  BYTECODE:    2: Push            "main"
[2023-01-02 14:57:55] 1332  BYTECODE:    3: Dup             
[2023-01-02 14:57:55] 1333  BYTECODE:    4: StoreAlways     "__main"
[2023-01-02 14:57:55] 1334  BYTECODE:    5: EntryPoint      
[2023-01-02 14:57:55] 1335  BYTECODE:    6: AtLine          -1
[2023-01-02 14:57:55] 1336  BYTECODE:    7: Push            0
[2023-01-02 14:57:55] 1337  BYTECODE:    8: Load            "os"
[2023-01-02 14:57:55] 1338  BYTECODE:    9: Member          "Exit"
[2023-01-02 14:57:55] 1339  BYTECODE:   10: Call            0
[2023-01-02 14:57:55] 1340  BYTECODE: *** Disassembled 11 instructions
